#
# There is insufficient memory for the Java Runtime Environment to continue.
# Native memory allocation (malloc) failed to allocate 1657456 bytes for Chunk::new
# Possible reasons:
#   The system is out of physical RAM or swap space
#   The process is running with CompressedOops enabled, and the Java Heap may be blocking the growth of the native heap
# Possible solutions:
#   Reduce memory load on the system
#   Increase physical memory or swap space
#   Check if swap backing store is full
#   Decrease Java heap size (-Xmx/-Xms)
#   Decrease number of Java threads
#   Decrease Java thread stack sizes (-Xss)
#   Set larger code cache with -XX:ReservedCodeCacheSize=
#   JVM is running with Zero Based Compressed Oops mode in which the Java heap is
#     placed in the first 32GB address space. The Java Heap base address is the
#     maximum limit for the native heap growth. Please use -XX:HeapBaseMinAddress
#     to set the Java Heap base and to place the Java Heap above 32GB virtual address.
# This output file may be truncated or incomplete.
#
#  Out of Memory Error (./src/hotspot/share/memory/arena.cpp:197), pid=200, tid=14744
#
# JRE version: OpenJDK Runtime Environment (11.0.13) (build 11.0.13+0-b1751.21-8125866)
# Java VM: OpenJDK 64-Bit Server VM (11.0.13+0-b1751.21-8125866, mixed mode, tiered, compressed oops, g1 gc, windows-amd64)
# No core dump will be written. Minidumps are not enabled by default on client versions of Windows
#

---------------  S U M M A R Y ------------

Command Line: org.jetbrains.kotlin.cli.jvm.K2JVMCompiler @C:\Users\Admin\StudioProjects\meezan360revamp\app\build\20231205_14706806516609442345.compiler.options

Host: Intel(R) Core(TM) i5-4690 CPU @ 3.50GHz, 4 cores, 15G,  Windows 10 , 64 bit Build 19041 (10.0.19041.3636)
Time: Tue Dec  5 13:05:26 2023 Pakistan Standard Time elapsed time: 8.672534 seconds (0d 0h 0m 8s)

---------------  T H R E A D  ---------------

Current thread (0x0000023814787800):  JavaThread "C2 CompilerThread1" daemon [_thread_in_native, id=14744, stack(0x0000003986a00000,0x0000003986b00000)]


Current CompileTask:
C2:   8672 10855       4       org.jetbrains.kotlin.ir.util.TypeTranslator::translateType (625 bytes)

Stack: [0x0000003986a00000,0x0000003986b00000]
Native frames: (J=compiled Java code, j=interpreted, Vv=VM code, C=native code)
V  [jvm.dll+0x6100fa]
V  [jvm.dll+0x747090]
V  [jvm.dll+0x7486ad]
V  [jvm.dll+0x748d83]
V  [jvm.dll+0x24ab48]
V  [jvm.dll+0xc04dc]
V  [jvm.dll+0xc0a0c]
V  [jvm.dll+0x35eb5b]
V  [jvm.dll+0x32b833]
V  [jvm.dll+0x32ad2a]
V  [jvm.dll+0x2032b2]
V  [jvm.dll+0x202437]
V  [jvm.dll+0x188e01]
V  [jvm.dll+0x21106b]
V  [jvm.dll+0x20f8c1]
V  [jvm.dll+0x70de0f]
V  [jvm.dll+0x706a75]
V  [jvm.dll+0x60ed66]
C  [ucrtbase.dll+0x21bb2]
C  [KERNEL32.DLL+0x17344]
C  [ntdll.dll+0x526b1]


---------------  P R O C E S S  ---------------

Threads class SMR info:
_java_thread_list=0x0000023810dd5800, length=11, elements={
0x00000238700ac800, 0x000002380f1ed000, 0x000002380f1f3000, 0x000002380f1f7800,
0x000002380fa95000, 0x000002380fa98000, 0x000002380fa9c800, 0x000002380fae8800,
0x000002380faf2000, 0x000002380fc50800, 0x0000023814787800
}

Java Threads: ( => current thread )
  0x00000238700ac800 JavaThread "main" [_thread_in_vm, id=18304, stack(0x0000003985900000,0x0000003985a00000)]
  0x000002380f1ed000 JavaThread "Reference Handler" daemon [_thread_blocked, id=12120, stack(0x0000003986000000,0x0000003986100000)]
  0x000002380f1f3000 JavaThread "Finalizer" daemon [_thread_blocked, id=11432, stack(0x0000003986100000,0x0000003986200000)]
  0x000002380f1f7800 JavaThread "Signal Dispatcher" daemon [_thread_blocked, id=5644, stack(0x0000003986200000,0x0000003986300000)]
  0x000002380fa95000 JavaThread "Attach Listener" daemon [_thread_blocked, id=5596, stack(0x0000003986300000,0x0000003986400000)]
  0x000002380fa98000 JavaThread "Service Thread" daemon [_thread_blocked, id=14540, stack(0x0000003986400000,0x0000003986500000)]
  0x000002380fa9c800 JavaThread "C2 CompilerThread0" daemon [_thread_blocked, id=9908, stack(0x0000003986500000,0x0000003986600000)]
  0x000002380fae8800 JavaThread "C1 CompilerThread0" daemon [_thread_in_vm, id=19788, stack(0x0000003986600000,0x0000003986700000)]
  0x000002380faf2000 JavaThread "Sweeper thread" daemon [_thread_blocked, id=19100, stack(0x0000003986700000,0x0000003986800000)]
  0x000002380fc50800 JavaThread "Common-Cleaner" daemon [_thread_blocked, id=2956, stack(0x0000003986900000,0x0000003986a00000)]
=>0x0000023814787800 JavaThread "C2 CompilerThread1" daemon [_thread_in_native, id=14744, stack(0x0000003986a00000,0x0000003986b00000)]

Other Threads:
  0x000002380f1c8000 VMThread "VM Thread" [stack: 0x0000003985f00000,0x0000003986000000] [id=1756]
  0x000002380fc48000 WatcherThread [stack: 0x0000003986800000,0x0000003986900000] [id=17088]
  0x00000238700c4800 GCTaskThread "GC Thread#0" [stack: 0x0000003985a00000,0x0000003985b00000] [id=19960]
  0x0000023810042800 GCTaskThread "GC Thread#1" [stack: 0x0000003986b00000,0x0000003986c00000] [id=17800]
  0x0000023810194800 GCTaskThread "GC Thread#2" [stack: 0x0000003986c00000,0x0000003986d00000] [id=8768]
  0x000002381016a800 GCTaskThread "GC Thread#3" [stack: 0x0000003986d00000,0x0000003986e00000] [id=14412]
  0x000002387011f800 ConcurrentGCThread "G1 Main Marker" [stack: 0x0000003985b00000,0x0000003985c00000] [id=8120]
  0x0000023870123800 ConcurrentGCThread "G1 Conc#0" [stack: 0x0000003985c00000,0x0000003985d00000] [id=18356]
  0x000002380f0a0800 ConcurrentGCThread "G1 Refine#0" [stack: 0x0000003985d00000,0x0000003985e00000] [id=1168]
  0x0000023815ffa000 ConcurrentGCThread "G1 Refine#1" [stack: 0x0000003986e00000,0x0000003986f00000] [id=18584]
  0x000002380f0a1800 ConcurrentGCThread "G1 Young RemSet Sampling" [stack: 0x0000003985e00000,0x0000003985f00000] [id=8748]

Threads with active compile tasks:
C2 CompilerThread0   8688 11001       4       org.jetbrains.kotlin.ir.symbols.impl.IrBindableSymbolBase::<init> (167 bytes)
C2 CompilerThread1   8688 10855       4       org.jetbrains.kotlin.ir.util.TypeTranslator::translateType (625 bytes)

VM state:not at safepoint (normal execution)

VM Mutex/Monitor currently owned by a thread: None

Heap address: 0x0000000701400000, size: 4076 MB, Compressed Oops mode: Zero based, Oop shift amount: 3
Narrow klass base: 0x0000000800000000, Narrow klass shift: 0
Compressed class space size: 1073741824 Address: 0x0000000800000000

Heap:
 garbage-first heap   total 315392K, used 81408K [0x0000000701400000, 0x0000000800000000)
  region size 1024K, 32 young (32768K), 16 survivors (16384K)
 Metaspace       used 75123K, capacity 75970K, committed 76160K, reserved 1116160K
  class space    used 8212K, capacity 8552K, committed 8576K, reserved 1048576K
Heap Regions: E=young(eden), S=young(survivor), O=old, HS=humongous(starts), HC=humongous(continues), CS=collection set, F=free, A=archive, TAMS=top-at-mark-start (previous, next)
|   0|0x0000000701400000, 0x0000000701500000, 0x0000000701500000|100%|HS|  |TAMS 0x0000000701500000, 0x0000000701400000| Complete 
|   1|0x0000000701500000, 0x0000000701600000, 0x0000000701600000|100%|HC|  |TAMS 0x0000000701600000, 0x0000000701500000| Complete 
|   2|0x0000000701600000, 0x0000000701700000, 0x0000000701700000|100%|HC|  |TAMS 0x0000000701700000, 0x0000000701600000| Complete 
|   3|0x0000000701700000, 0x0000000701800000, 0x0000000701800000|100%|HC|  |TAMS 0x0000000701800000, 0x0000000701700000| Complete 
|   4|0x0000000701800000, 0x0000000701900000, 0x0000000701900000|100%| O|  |TAMS 0x0000000701900000, 0x0000000701800000| Untracked 
|   5|0x0000000701900000, 0x0000000701a00000, 0x0000000701a00000|100%| O|  |TAMS 0x0000000701a00000, 0x0000000701900000| Untracked 
|   6|0x0000000701a00000, 0x0000000701b00000, 0x0000000701b00000|100%|HS|  |TAMS 0x0000000701b00000, 0x0000000701a00000| Complete 
|   7|0x0000000701b00000, 0x0000000701c00000, 0x0000000701c00000|100%|HC|  |TAMS 0x0000000701c00000, 0x0000000701b00000| Complete 
|   8|0x0000000701c00000, 0x0000000701d00000, 0x0000000701d00000|100%|HC|  |TAMS 0x0000000701d00000, 0x0000000701c00000| Complete 
|   9|0x0000000701d00000, 0x0000000701e00000, 0x0000000701e00000|100%|HC|  |TAMS 0x0000000701e00000, 0x0000000701d00000| Complete 
|  10|0x0000000701e00000, 0x0000000701f00000, 0x0000000701f00000|100%| O|  |TAMS 0x0000000701f00000, 0x0000000701e00000| Untracked 
|  11|0x0000000701f00000, 0x0000000702000000, 0x0000000702000000|100%| O|  |TAMS 0x0000000702000000, 0x0000000701f00000| Untracked 
|  12|0x0000000702000000, 0x0000000702100000, 0x0000000702100000|100%| O|  |TAMS 0x0000000702100000, 0x0000000702000000| Untracked 
|  13|0x0000000702100000, 0x0000000702200000, 0x0000000702200000|100%| O|  |TAMS 0x0000000702200000, 0x0000000702100000| Untracked 
|  14|0x0000000702200000, 0x0000000702300000, 0x0000000702300000|100%| O|  |TAMS 0x0000000702300000, 0x0000000702200000| Untracked 
|  15|0x0000000702300000, 0x0000000702400000, 0x0000000702400000|100%| O|  |TAMS 0x0000000702400000, 0x0000000702300000| Untracked 
|  16|0x0000000702400000, 0x0000000702500000, 0x0000000702500000|100%| O|  |TAMS 0x0000000702500000, 0x0000000702400000| Untracked 
|  17|0x0000000702500000, 0x0000000702600000, 0x0000000702600000|100%| O|  |TAMS 0x0000000702600000, 0x0000000702500000| Untracked 
|  18|0x0000000702600000, 0x0000000702700000, 0x0000000702700000|100%| O|  |TAMS 0x0000000702700000, 0x0000000702600000| Untracked 
|  19|0x0000000702700000, 0x0000000702800000, 0x0000000702800000|100%| O|  |TAMS 0x0000000702800000, 0x0000000702700000| Untracked 
|  20|0x0000000702800000, 0x0000000702900000, 0x0000000702900000|100%| O|  |TAMS 0x0000000702900000, 0x0000000702800000| Untracked 
|  21|0x0000000702900000, 0x0000000702a00000, 0x0000000702a00000|100%| O|  |TAMS 0x0000000702a00000, 0x0000000702900000| Untracked 
|  22|0x0000000702a00000, 0x0000000702b00000, 0x0000000702b00000|100%| O|  |TAMS 0x0000000702b00000, 0x0000000702a00000| Untracked 
|  23|0x0000000702b00000, 0x0000000702c00000, 0x0000000702c00000|100%|HS|  |TAMS 0x0000000702c00000, 0x0000000702b00000| Complete 
|  24|0x0000000702c00000, 0x0000000702d00000, 0x0000000702d00000|100%|HC|  |TAMS 0x0000000702d00000, 0x0000000702c00000| Complete 
|  25|0x0000000702d00000, 0x0000000702e00000, 0x0000000702e00000|100%| O|  |TAMS 0x0000000702e00000, 0x0000000702d00000| Untracked 
|  26|0x0000000702e00000, 0x0000000702f00000, 0x0000000702f00000|100%| O|  |TAMS 0x0000000702f00000, 0x0000000702e00000| Untracked 
|  27|0x0000000702f00000, 0x0000000703000000, 0x0000000703000000|100%| O|  |TAMS 0x0000000703000000, 0x0000000702f00000| Untracked 
|  28|0x0000000703000000, 0x0000000703100000, 0x0000000703100000|100%| O|  |TAMS 0x0000000703100000, 0x0000000703000000| Untracked 
|  29|0x0000000703100000, 0x0000000703200000, 0x0000000703200000|100%| O|  |TAMS 0x0000000703200000, 0x0000000703100000| Untracked 
|  30|0x0000000703200000, 0x0000000703300000, 0x0000000703300000|100%| O|  |TAMS 0x0000000703300000, 0x0000000703200000| Untracked 
|  31|0x0000000703300000, 0x0000000703400000, 0x0000000703400000|100%| O|  |TAMS 0x0000000703400000, 0x0000000703300000| Untracked 
|  32|0x0000000703400000, 0x0000000703500000, 0x0000000703500000|100%| O|  |TAMS 0x0000000703500000, 0x0000000703400000| Untracked 
|  33|0x0000000703500000, 0x0000000703600000, 0x0000000703600000|100%| O|  |TAMS 0x0000000703600000, 0x0000000703500000| Untracked 
|  34|0x0000000703600000, 0x0000000703700000, 0x0000000703700000|100%| O|  |TAMS 0x0000000703700000, 0x0000000703600000| Untracked 
|  35|0x0000000703700000, 0x0000000703800000, 0x0000000703800000|100%| O|  |TAMS 0x0000000703800000, 0x0000000703700000| Untracked 
|  36|0x0000000703800000, 0x0000000703900000, 0x0000000703900000|100%| O|  |TAMS 0x0000000703900000, 0x0000000703800000| Untracked 
|  37|0x0000000703900000, 0x0000000703a00000, 0x0000000703a00000|100%| O|  |TAMS 0x0000000703a00000, 0x0000000703900000| Untracked 
|  38|0x0000000703a00000, 0x0000000703b00000, 0x0000000703b00000|100%| O|  |TAMS 0x0000000703b00000, 0x0000000703a00000| Untracked 
|  39|0x0000000703b00000, 0x0000000703c00000, 0x0000000703c00000|100%| O|  |TAMS 0x0000000703c00000, 0x0000000703b00000| Untracked 
|  40|0x0000000703c00000, 0x0000000703d00000, 0x0000000703d00000|100%| O|  |TAMS 0x0000000703d00000, 0x0000000703c00000| Untracked 
|  41|0x0000000703d00000, 0x0000000703e00000, 0x0000000703e00000|100%| O|  |TAMS 0x0000000703e00000, 0x0000000703d00000| Untracked 
|  42|0x0000000703e00000, 0x0000000703f00000, 0x0000000703f00000|100%| O|  |TAMS 0x0000000703f00000, 0x0000000703e00000| Untracked 
|  43|0x0000000703f00000, 0x0000000704000000, 0x0000000704000000|100%| O|  |TAMS 0x0000000704000000, 0x0000000703f00000| Untracked 
|  44|0x0000000704000000, 0x0000000704100000, 0x0000000704100000|100%| O|  |TAMS 0x0000000704100000, 0x0000000704000000| Untracked 
|  45|0x0000000704100000, 0x0000000704200000, 0x0000000704200000|100%| O|  |TAMS 0x0000000704200000, 0x0000000704100000| Untracked 
|  46|0x0000000704200000, 0x0000000704300000, 0x0000000704300000|100%| O|  |TAMS 0x0000000704300000, 0x0000000704200000| Untracked 
|  47|0x0000000704300000, 0x0000000704400000, 0x0000000704400000|100%| O|  |TAMS 0x0000000704400000, 0x0000000704300000| Untracked 
|  48|0x0000000704400000, 0x0000000704480000, 0x0000000704500000| 50%| O|  |TAMS 0x0000000704480000, 0x0000000704400000| Untracked 
|  49|0x0000000704500000, 0x0000000704500000, 0x0000000704600000|  0%| F|  |TAMS 0x0000000704500000, 0x0000000704500000| Untracked 
|  50|0x0000000704600000, 0x0000000704600000, 0x0000000704700000|  0%| F|  |TAMS 0x0000000704600000, 0x0000000704600000| Untracked 
|  51|0x0000000704700000, 0x0000000704700000, 0x0000000704800000|  0%| F|  |TAMS 0x0000000704700000, 0x0000000704700000| Untracked 
|  52|0x0000000704800000, 0x0000000704800000, 0x0000000704900000|  0%| F|  |TAMS 0x0000000704800000, 0x0000000704800000| Untracked 
|  53|0x0000000704900000, 0x0000000704900000, 0x0000000704a00000|  0%| F|  |TAMS 0x0000000704900000, 0x0000000704900000| Untracked 
|  54|0x0000000704a00000, 0x0000000704a00000, 0x0000000704b00000|  0%| F|  |TAMS 0x0000000704a00000, 0x0000000704a00000| Untracked 
|  55|0x0000000704b00000, 0x0000000704b00000, 0x0000000704c00000|  0%| F|  |TAMS 0x0000000704b00000, 0x0000000704b00000| Untracked 
|  56|0x0000000704c00000, 0x0000000704c00000, 0x0000000704d00000|  0%| F|  |TAMS 0x0000000704c00000, 0x0000000704c00000| Untracked 
|  57|0x0000000704d00000, 0x0000000704d00000, 0x0000000704e00000|  0%| F|  |TAMS 0x0000000704d00000, 0x0000000704d00000| Untracked 
|  58|0x0000000704e00000, 0x0000000704e00000, 0x0000000704f00000|  0%| F|  |TAMS 0x0000000704e00000, 0x0000000704e00000| Untracked 
|  59|0x0000000704f00000, 0x0000000704f00000, 0x0000000705000000|  0%| F|  |TAMS 0x0000000704f00000, 0x0000000704f00000| Untracked 
|  60|0x0000000705000000, 0x0000000705000000, 0x0000000705100000|  0%| F|  |TAMS 0x0000000705000000, 0x0000000705000000| Untracked 
|  61|0x0000000705100000, 0x0000000705100000, 0x0000000705200000|  0%| F|  |TAMS 0x0000000705100000, 0x0000000705100000| Untracked 
|  62|0x0000000705200000, 0x0000000705200000, 0x0000000705300000|  0%| F|  |TAMS 0x0000000705200000, 0x0000000705200000| Untracked 
|  63|0x0000000705300000, 0x0000000705300000, 0x0000000705400000|  0%| F|  |TAMS 0x0000000705300000, 0x0000000705300000| Untracked 
|  64|0x0000000705400000, 0x0000000705400000, 0x0000000705500000|  0%| F|  |TAMS 0x0000000705400000, 0x0000000705400000| Untracked 
|  65|0x0000000705500000, 0x0000000705500000, 0x0000000705600000|  0%| F|  |TAMS 0x0000000705500000, 0x0000000705500000| Untracked 
|  66|0x0000000705600000, 0x0000000705600000, 0x0000000705700000|  0%| F|  |TAMS 0x0000000705600000, 0x0000000705600000| Untracked 
|  67|0x0000000705700000, 0x0000000705700000, 0x0000000705800000|  0%| F|  |TAMS 0x0000000705700000, 0x0000000705700000| Untracked 
|  68|0x0000000705800000, 0x0000000705800000, 0x0000000705900000|  0%| F|  |TAMS 0x0000000705800000, 0x0000000705800000| Untracked 
|  69|0x0000000705900000, 0x0000000705900000, 0x0000000705a00000|  0%| F|  |TAMS 0x0000000705900000, 0x0000000705900000| Untracked 
|  70|0x0000000705a00000, 0x0000000705a00000, 0x0000000705b00000|  0%| F|  |TAMS 0x0000000705a00000, 0x0000000705a00000| Untracked 
|  71|0x0000000705b00000, 0x0000000705b00000, 0x0000000705c00000|  0%| F|  |TAMS 0x0000000705b00000, 0x0000000705b00000| Untracked 
|  72|0x0000000705c00000, 0x0000000705c00000, 0x0000000705d00000|  0%| F|  |TAMS 0x0000000705c00000, 0x0000000705c00000| Untracked 
|  73|0x0000000705d00000, 0x0000000705d00000, 0x0000000705e00000|  0%| F|  |TAMS 0x0000000705d00000, 0x0000000705d00000| Untracked 
|  74|0x0000000705e00000, 0x0000000705e00000, 0x0000000705f00000|  0%| F|  |TAMS 0x0000000705e00000, 0x0000000705e00000| Untracked 
|  75|0x0000000705f00000, 0x0000000705f00000, 0x0000000706000000|  0%| F|  |TAMS 0x0000000705f00000, 0x0000000705f00000| Untracked 
|  76|0x0000000706000000, 0x0000000706000000, 0x0000000706100000|  0%| F|  |TAMS 0x0000000706000000, 0x0000000706000000| Untracked 
|  77|0x0000000706100000, 0x0000000706100000, 0x0000000706200000|  0%| F|  |TAMS 0x0000000706100000, 0x0000000706100000| Untracked 
|  78|0x0000000706200000, 0x0000000706200000, 0x0000000706300000|  0%| F|  |TAMS 0x0000000706200000, 0x0000000706200000| Untracked 
|  79|0x0000000706300000, 0x0000000706300000, 0x0000000706400000|  0%| F|  |TAMS 0x0000000706300000, 0x0000000706300000| Untracked 
|  80|0x0000000706400000, 0x0000000706400000, 0x0000000706500000|  0%| F|  |TAMS 0x0000000706400000, 0x0000000706400000| Untracked 
|  81|0x0000000706500000, 0x0000000706500000, 0x0000000706600000|  0%| F|  |TAMS 0x0000000706500000, 0x0000000706500000| Untracked 
|  82|0x0000000706600000, 0x0000000706600000, 0x0000000706700000|  0%| F|  |TAMS 0x0000000706600000, 0x0000000706600000| Untracked 
|  83|0x0000000706700000, 0x0000000706700000, 0x0000000706800000|  0%| F|  |TAMS 0x0000000706700000, 0x0000000706700000| Untracked 
|  84|0x0000000706800000, 0x0000000706800000, 0x0000000706900000|  0%| F|  |TAMS 0x0000000706800000, 0x0000000706800000| Untracked 
|  85|0x0000000706900000, 0x0000000706900000, 0x0000000706a00000|  0%| F|  |TAMS 0x0000000706900000, 0x0000000706900000| Untracked 
|  86|0x0000000706a00000, 0x0000000706a00000, 0x0000000706b00000|  0%| F|  |TAMS 0x0000000706a00000, 0x0000000706a00000| Untracked 
|  87|0x0000000706b00000, 0x0000000706b00000, 0x0000000706c00000|  0%| F|  |TAMS 0x0000000706b00000, 0x0000000706b00000| Untracked 
|  88|0x0000000706c00000, 0x0000000706c00000, 0x0000000706d00000|  0%| F|  |TAMS 0x0000000706c00000, 0x0000000706c00000| Untracked 
|  89|0x0000000706d00000, 0x0000000706d00000, 0x0000000706e00000|  0%| F|  |TAMS 0x0000000706d00000, 0x0000000706d00000| Untracked 
|  90|0x0000000706e00000, 0x0000000706e00000, 0x0000000706f00000|  0%| F|  |TAMS 0x0000000706e00000, 0x0000000706e00000| Untracked 
|  91|0x0000000706f00000, 0x0000000706f00000, 0x0000000707000000|  0%| F|  |TAMS 0x0000000706f00000, 0x0000000706f00000| Untracked 
|  92|0x0000000707000000, 0x0000000707000000, 0x0000000707100000|  0%| F|  |TAMS 0x0000000707000000, 0x0000000707000000| Untracked 
|  93|0x0000000707100000, 0x0000000707100000, 0x0000000707200000|  0%| F|  |TAMS 0x0000000707100000, 0x0000000707100000| Untracked 
|  94|0x0000000707200000, 0x0000000707200000, 0x0000000707300000|  0%| F|  |TAMS 0x0000000707200000, 0x0000000707200000| Untracked 
|  95|0x0000000707300000, 0x0000000707300000, 0x0000000707400000|  0%| F|  |TAMS 0x0000000707300000, 0x0000000707300000| Untracked 
|  96|0x0000000707400000, 0x0000000707400000, 0x0000000707500000|  0%| F|  |TAMS 0x0000000707400000, 0x0000000707400000| Untracked 
|  97|0x0000000707500000, 0x0000000707500000, 0x0000000707600000|  0%| F|  |TAMS 0x0000000707500000, 0x0000000707500000| Untracked 
|  98|0x0000000707600000, 0x0000000707600000, 0x0000000707700000|  0%| F|  |TAMS 0x0000000707600000, 0x0000000707600000| Untracked 
|  99|0x0000000707700000, 0x0000000707700000, 0x0000000707800000|  0%| F|  |TAMS 0x0000000707700000, 0x0000000707700000| Untracked 
| 100|0x0000000707800000, 0x0000000707800000, 0x0000000707900000|  0%| F|  |TAMS 0x0000000707800000, 0x0000000707800000| Untracked 
| 101|0x0000000707900000, 0x0000000707900000, 0x0000000707a00000|  0%| F|  |TAMS 0x0000000707900000, 0x0000000707900000| Untracked 
| 102|0x0000000707a00000, 0x0000000707a00000, 0x0000000707b00000|  0%| F|  |TAMS 0x0000000707a00000, 0x0000000707a00000| Untracked 
| 103|0x0000000707b00000, 0x0000000707b00000, 0x0000000707c00000|  0%| F|  |TAMS 0x0000000707b00000, 0x0000000707b00000| Untracked 
| 104|0x0000000707c00000, 0x0000000707c00000, 0x0000000707d00000|  0%| F|  |TAMS 0x0000000707c00000, 0x0000000707c00000| Untracked 
| 105|0x0000000707d00000, 0x0000000707d00000, 0x0000000707e00000|  0%| F|  |TAMS 0x0000000707d00000, 0x0000000707d00000| Untracked 
| 106|0x0000000707e00000, 0x0000000707e00000, 0x0000000707f00000|  0%| F|  |TAMS 0x0000000707e00000, 0x0000000707e00000| Untracked 
| 107|0x0000000707f00000, 0x0000000707f00000, 0x0000000708000000|  0%| F|  |TAMS 0x0000000707f00000, 0x0000000707f00000| Untracked 
| 108|0x0000000708000000, 0x0000000708000000, 0x0000000708100000|  0%| F|  |TAMS 0x0000000708000000, 0x0000000708000000| Untracked 
| 109|0x0000000708100000, 0x0000000708100000, 0x0000000708200000|  0%| F|  |TAMS 0x0000000708100000, 0x0000000708100000| Untracked 
| 110|0x0000000708200000, 0x0000000708200000, 0x0000000708300000|  0%| F|  |TAMS 0x0000000708200000, 0x0000000708200000| Untracked 
| 111|0x0000000708300000, 0x0000000708300000, 0x0000000708400000|  0%| F|  |TAMS 0x0000000708300000, 0x0000000708300000| Untracked 
| 112|0x0000000708400000, 0x0000000708400000, 0x0000000708500000|  0%| F|  |TAMS 0x0000000708400000, 0x0000000708400000| Untracked 
| 113|0x0000000708500000, 0x0000000708500000, 0x0000000708600000|  0%| F|  |TAMS 0x0000000708500000, 0x0000000708500000| Untracked 
| 114|0x0000000708600000, 0x0000000708600000, 0x0000000708700000|  0%| F|  |TAMS 0x0000000708600000, 0x0000000708600000| Untracked 
| 115|0x0000000708700000, 0x0000000708700000, 0x0000000708800000|  0%| F|  |TAMS 0x0000000708700000, 0x0000000708700000| Untracked 
| 116|0x0000000708800000, 0x0000000708800000, 0x0000000708900000|  0%| F|  |TAMS 0x0000000708800000, 0x0000000708800000| Untracked 
| 117|0x0000000708900000, 0x0000000708900000, 0x0000000708a00000|  0%| F|  |TAMS 0x0000000708900000, 0x0000000708900000| Untracked 
| 118|0x0000000708a00000, 0x0000000708a00000, 0x0000000708b00000|  0%| F|  |TAMS 0x0000000708a00000, 0x0000000708a00000| Untracked 
| 119|0x0000000708b00000, 0x0000000708b00000, 0x0000000708c00000|  0%| F|  |TAMS 0x0000000708b00000, 0x0000000708b00000| Untracked 
| 120|0x0000000708c00000, 0x0000000708c00000, 0x0000000708d00000|  0%| F|  |TAMS 0x0000000708c00000, 0x0000000708c00000| Untracked 
| 121|0x0000000708d00000, 0x0000000708d00000, 0x0000000708e00000|  0%| F|  |TAMS 0x0000000708d00000, 0x0000000708d00000| Untracked 
| 122|0x0000000708e00000, 0x0000000708e00000, 0x0000000708f00000|  0%| F|  |TAMS 0x0000000708e00000, 0x0000000708e00000| Untracked 
| 123|0x0000000708f00000, 0x0000000708f00000, 0x0000000709000000|  0%| F|  |TAMS 0x0000000708f00000, 0x0000000708f00000| Untracked 
| 124|0x0000000709000000, 0x0000000709000000, 0x0000000709100000|  0%| F|  |TAMS 0x0000000709000000, 0x0000000709000000| Untracked 
| 125|0x0000000709100000, 0x0000000709100000, 0x0000000709200000|  0%| F|  |TAMS 0x0000000709100000, 0x0000000709100000| Untracked 
| 126|0x0000000709200000, 0x0000000709200000, 0x0000000709300000|  0%| F|  |TAMS 0x0000000709200000, 0x0000000709200000| Untracked 
| 127|0x0000000709300000, 0x0000000709300000, 0x0000000709400000|  0%| F|  |TAMS 0x0000000709300000, 0x0000000709300000| Untracked 
| 128|0x0000000709400000, 0x0000000709400000, 0x0000000709500000|  0%| F|  |TAMS 0x0000000709400000, 0x0000000709400000| Untracked 
| 129|0x0000000709500000, 0x0000000709500000, 0x0000000709600000|  0%| F|  |TAMS 0x0000000709500000, 0x0000000709500000| Untracked 
| 130|0x0000000709600000, 0x0000000709600000, 0x0000000709700000|  0%| F|  |TAMS 0x0000000709600000, 0x0000000709600000| Untracked 
| 131|0x0000000709700000, 0x0000000709700000, 0x0000000709800000|  0%| F|  |TAMS 0x0000000709700000, 0x0000000709700000| Untracked 
| 132|0x0000000709800000, 0x0000000709800000, 0x0000000709900000|  0%| F|  |TAMS 0x0000000709800000, 0x0000000709800000| Untracked 
| 133|0x0000000709900000, 0x0000000709900000, 0x0000000709a00000|  0%| F|  |TAMS 0x0000000709900000, 0x0000000709900000| Untracked 
| 134|0x0000000709a00000, 0x0000000709a00000, 0x0000000709b00000|  0%| F|  |TAMS 0x0000000709a00000, 0x0000000709a00000| Untracked 
| 135|0x0000000709b00000, 0x0000000709b00000, 0x0000000709c00000|  0%| F|  |TAMS 0x0000000709b00000, 0x0000000709b00000| Untracked 
| 136|0x0000000709c00000, 0x0000000709c00000, 0x0000000709d00000|  0%| F|  |TAMS 0x0000000709c00000, 0x0000000709c00000| Untracked 
| 137|0x0000000709d00000, 0x0000000709d00000, 0x0000000709e00000|  0%| F|  |TAMS 0x0000000709d00000, 0x0000000709d00000| Untracked 
| 138|0x0000000709e00000, 0x0000000709e00000, 0x0000000709f00000|  0%| F|  |TAMS 0x0000000709e00000, 0x0000000709e00000| Untracked 
| 139|0x0000000709f00000, 0x0000000709f00000, 0x000000070a000000|  0%| F|  |TAMS 0x0000000709f00000, 0x0000000709f00000| Untracked 
| 140|0x000000070a000000, 0x000000070a000000, 0x000000070a100000|  0%| F|  |TAMS 0x000000070a000000, 0x000000070a000000| Untracked 
| 141|0x000000070a100000, 0x000000070a100000, 0x000000070a200000|  0%| F|  |TAMS 0x000000070a100000, 0x000000070a100000| Untracked 
| 142|0x000000070a200000, 0x000000070a200000, 0x000000070a300000|  0%| F|  |TAMS 0x000000070a200000, 0x000000070a200000| Untracked 
| 143|0x000000070a300000, 0x000000070a300000, 0x000000070a400000|  0%| F|  |TAMS 0x000000070a300000, 0x000000070a300000| Untracked 
| 144|0x000000070a400000, 0x000000070a400000, 0x000000070a500000|  0%| F|  |TAMS 0x000000070a400000, 0x000000070a400000| Untracked 
| 145|0x000000070a500000, 0x000000070a500000, 0x000000070a600000|  0%| F|  |TAMS 0x000000070a500000, 0x000000070a500000| Untracked 
| 146|0x000000070a600000, 0x000000070a600000, 0x000000070a700000|  0%| F|  |TAMS 0x000000070a600000, 0x000000070a600000| Untracked 
| 147|0x000000070a700000, 0x000000070a700000, 0x000000070a800000|  0%| F|  |TAMS 0x000000070a700000, 0x000000070a700000| Untracked 
| 148|0x000000070a800000, 0x000000070a800000, 0x000000070a900000|  0%| F|  |TAMS 0x000000070a800000, 0x000000070a800000| Untracked 
| 149|0x000000070a900000, 0x000000070a900000, 0x000000070aa00000|  0%| F|  |TAMS 0x000000070a900000, 0x000000070a900000| Untracked 
| 150|0x000000070aa00000, 0x000000070aa00000, 0x000000070ab00000|  0%| F|  |TAMS 0x000000070aa00000, 0x000000070aa00000| Untracked 
| 151|0x000000070ab00000, 0x000000070ab00000, 0x000000070ac00000|  0%| F|  |TAMS 0x000000070ab00000, 0x000000070ab00000| Untracked 
| 152|0x000000070ac00000, 0x000000070ac00000, 0x000000070ad00000|  0%| F|  |TAMS 0x000000070ac00000, 0x000000070ac00000| Untracked 
| 153|0x000000070ad00000, 0x000000070ad00000, 0x000000070ae00000|  0%| F|  |TAMS 0x000000070ad00000, 0x000000070ad00000| Untracked 
| 154|0x000000070ae00000, 0x000000070ae00000, 0x000000070af00000|  0%| F|  |TAMS 0x000000070ae00000, 0x000000070ae00000| Untracked 
| 155|0x000000070af00000, 0x000000070af00000, 0x000000070b000000|  0%| F|  |TAMS 0x000000070af00000, 0x000000070af00000| Untracked 
| 156|0x000000070b000000, 0x000000070b000000, 0x000000070b100000|  0%| F|  |TAMS 0x000000070b000000, 0x000000070b000000| Untracked 
| 157|0x000000070b100000, 0x000000070b100000, 0x000000070b200000|  0%| F|  |TAMS 0x000000070b100000, 0x000000070b100000| Untracked 
| 158|0x000000070b200000, 0x000000070b200000, 0x000000070b300000|  0%| F|  |TAMS 0x000000070b200000, 0x000000070b200000| Untracked 
| 159|0x000000070b300000, 0x000000070b300000, 0x000000070b400000|  0%| F|  |TAMS 0x000000070b300000, 0x000000070b300000| Untracked 
| 160|0x000000070b400000, 0x000000070b400000, 0x000000070b500000|  0%| F|  |TAMS 0x000000070b400000, 0x000000070b400000| Untracked 
| 161|0x000000070b500000, 0x000000070b500000, 0x000000070b600000|  0%| F|  |TAMS 0x000000070b500000, 0x000000070b500000| Untracked 
| 162|0x000000070b600000, 0x000000070b600000, 0x000000070b700000|  0%| F|  |TAMS 0x000000070b600000, 0x000000070b600000| Untracked 
| 163|0x000000070b700000, 0x000000070b700000, 0x000000070b800000|  0%| F|  |TAMS 0x000000070b700000, 0x000000070b700000| Untracked 
| 164|0x000000070b800000, 0x000000070b800000, 0x000000070b900000|  0%| F|  |TAMS 0x000000070b800000, 0x000000070b800000| Untracked 
| 165|0x000000070b900000, 0x000000070b900000, 0x000000070ba00000|  0%| F|  |TAMS 0x000000070b900000, 0x000000070b900000| Untracked 
| 166|0x000000070ba00000, 0x000000070ba00000, 0x000000070bb00000|  0%| F|  |TAMS 0x000000070ba00000, 0x000000070ba00000| Untracked 
| 167|0x000000070bb00000, 0x000000070bb00000, 0x000000070bc00000|  0%| F|  |TAMS 0x000000070bb00000, 0x000000070bb00000| Untracked 
| 168|0x000000070bc00000, 0x000000070bc00000, 0x000000070bd00000|  0%| F|  |TAMS 0x000000070bc00000, 0x000000070bc00000| Untracked 
| 169|0x000000070bd00000, 0x000000070be00000, 0x000000070be00000|100%| S|CS|TAMS 0x000000070bd00000, 0x000000070bd00000| Complete 
| 170|0x000000070be00000, 0x000000070bf00000, 0x000000070bf00000|100%| S|CS|TAMS 0x000000070be00000, 0x000000070be00000| Complete 
| 171|0x000000070bf00000, 0x000000070c000000, 0x000000070c000000|100%| S|CS|TAMS 0x000000070bf00000, 0x000000070bf00000| Complete 
| 172|0x000000070c000000, 0x000000070c100000, 0x000000070c100000|100%| S|CS|TAMS 0x000000070c000000, 0x000000070c000000| Complete 
| 173|0x000000070c100000, 0x000000070c200000, 0x000000070c200000|100%| S|CS|TAMS 0x000000070c100000, 0x000000070c100000| Complete 
| 174|0x000000070c200000, 0x000000070c300000, 0x000000070c300000|100%| S|CS|TAMS 0x000000070c200000, 0x000000070c200000| Complete 
| 175|0x000000070c300000, 0x000000070c400000, 0x000000070c400000|100%| S|CS|TAMS 0x000000070c300000, 0x000000070c300000| Complete 
| 176|0x000000070c400000, 0x000000070c500000, 0x000000070c500000|100%| S|CS|TAMS 0x000000070c400000, 0x000000070c400000| Complete 
| 177|0x000000070c500000, 0x000000070c600000, 0x000000070c600000|100%| S|CS|TAMS 0x000000070c500000, 0x000000070c500000| Complete 
| 178|0x000000070c600000, 0x000000070c700000, 0x000000070c700000|100%| S|CS|TAMS 0x000000070c600000, 0x000000070c600000| Complete 
| 179|0x000000070c700000, 0x000000070c800000, 0x000000070c800000|100%| S|CS|TAMS 0x000000070c700000, 0x000000070c700000| Complete 
| 180|0x000000070c800000, 0x000000070c900000, 0x000000070c900000|100%| S|CS|TAMS 0x000000070c800000, 0x000000070c800000| Complete 
| 181|0x000000070c900000, 0x000000070ca00000, 0x000000070ca00000|100%| S|CS|TAMS 0x000000070c900000, 0x000000070c900000| Complete 
| 182|0x000000070ca00000, 0x000000070cb00000, 0x000000070cb00000|100%| S|CS|TAMS 0x000000070ca00000, 0x000000070ca00000| Complete 
| 183|0x000000070cb00000, 0x000000070cc00000, 0x000000070cc00000|100%| S|CS|TAMS 0x000000070cb00000, 0x000000070cb00000| Complete 
| 184|0x000000070cc00000, 0x000000070cd00000, 0x000000070cd00000|100%| S|CS|TAMS 0x000000070cc00000, 0x000000070cc00000| Complete 
| 185|0x000000070cd00000, 0x000000070cd00000, 0x000000070ce00000|  0%| F|  |TAMS 0x000000070cd00000, 0x000000070cd00000| Untracked 
| 186|0x000000070ce00000, 0x000000070ce00000, 0x000000070cf00000|  0%| F|  |TAMS 0x000000070ce00000, 0x000000070ce00000| Untracked 
| 187|0x000000070cf00000, 0x000000070cf00000, 0x000000070d000000|  0%| F|  |TAMS 0x000000070cf00000, 0x000000070cf00000| Untracked 
| 188|0x000000070d000000, 0x000000070d000000, 0x000000070d100000|  0%| F|  |TAMS 0x000000070d000000, 0x000000070d000000| Untracked 
| 189|0x000000070d100000, 0x000000070d100000, 0x000000070d200000|  0%| F|  |TAMS 0x000000070d100000, 0x000000070d100000| Untracked 
| 190|0x000000070d200000, 0x000000070d200000, 0x000000070d300000|  0%| F|  |TAMS 0x000000070d200000, 0x000000070d200000| Untracked 
| 191|0x000000070d300000, 0x000000070d300000, 0x000000070d400000|  0%| F|  |TAMS 0x000000070d300000, 0x000000070d300000| Untracked 
| 192|0x000000070d400000, 0x000000070d400000, 0x000000070d500000|  0%| F|  |TAMS 0x000000070d400000, 0x000000070d400000| Untracked 
| 193|0x000000070d500000, 0x000000070d500000, 0x000000070d600000|  0%| F|  |TAMS 0x000000070d500000, 0x000000070d500000| Untracked 
| 194|0x000000070d600000, 0x000000070d600000, 0x000000070d700000|  0%| F|  |TAMS 0x000000070d600000, 0x000000070d600000| Untracked 
| 195|0x000000070d700000, 0x000000070d700000, 0x000000070d800000|  0%| F|  |TAMS 0x000000070d700000, 0x000000070d700000| Untracked 
| 196|0x000000070d800000, 0x000000070d800000, 0x000000070d900000|  0%| F|  |TAMS 0x000000070d800000, 0x000000070d800000| Untracked 
| 197|0x000000070d900000, 0x000000070d900000, 0x000000070da00000|  0%| F|  |TAMS 0x000000070d900000, 0x000000070d900000| Untracked 
| 198|0x000000070da00000, 0x000000070da00000, 0x000000070db00000|  0%| F|  |TAMS 0x000000070da00000, 0x000000070da00000| Untracked 
| 199|0x000000070db00000, 0x000000070db00000, 0x000000070dc00000|  0%| F|  |TAMS 0x000000070db00000, 0x000000070db00000| Untracked 
| 200|0x000000070dc00000, 0x000000070dc00000, 0x000000070dd00000|  0%| F|  |TAMS 0x000000070dc00000, 0x000000070dc00000| Untracked 
| 201|0x000000070dd00000, 0x000000070dd00000, 0x000000070de00000|  0%| F|  |TAMS 0x000000070dd00000, 0x000000070dd00000| Untracked 
| 202|0x000000070de00000, 0x000000070de00000, 0x000000070df00000|  0%| F|  |TAMS 0x000000070de00000, 0x000000070de00000| Untracked 
| 203|0x000000070df00000, 0x000000070df00000, 0x000000070e000000|  0%| F|  |TAMS 0x000000070df00000, 0x000000070df00000| Untracked 
| 204|0x000000070e000000, 0x000000070e000000, 0x000000070e100000|  0%| F|  |TAMS 0x000000070e000000, 0x000000070e000000| Untracked 
| 205|0x000000070e100000, 0x000000070e100000, 0x000000070e200000|  0%| F|  |TAMS 0x000000070e100000, 0x000000070e100000| Untracked 
| 206|0x000000070e200000, 0x000000070e200000, 0x000000070e300000|  0%| F|  |TAMS 0x000000070e200000, 0x000000070e200000| Untracked 
| 207|0x000000070e300000, 0x000000070e300000, 0x000000070e400000|  0%| F|  |TAMS 0x000000070e300000, 0x000000070e300000| Untracked 
| 208|0x000000070e400000, 0x000000070e400000, 0x000000070e500000|  0%| F|  |TAMS 0x000000070e400000, 0x000000070e400000| Untracked 
| 209|0x000000070e500000, 0x000000070e500000, 0x000000070e600000|  0%| F|  |TAMS 0x000000070e500000, 0x000000070e500000| Untracked 
| 210|0x000000070e600000, 0x000000070e600000, 0x000000070e700000|  0%| F|  |TAMS 0x000000070e600000, 0x000000070e600000| Untracked 
| 211|0x000000070e700000, 0x000000070e700000, 0x000000070e800000|  0%| F|  |TAMS 0x000000070e700000, 0x000000070e700000| Untracked 
| 212|0x000000070e800000, 0x000000070e800000, 0x000000070e900000|  0%| F|  |TAMS 0x000000070e800000, 0x000000070e800000| Untracked 
| 213|0x000000070e900000, 0x000000070e900000, 0x000000070ea00000|  0%| F|  |TAMS 0x000000070e900000, 0x000000070e900000| Untracked 
| 214|0x000000070ea00000, 0x000000070ea00000, 0x000000070eb00000|  0%| F|  |TAMS 0x000000070ea00000, 0x000000070ea00000| Untracked 
| 215|0x000000070eb00000, 0x000000070eb00000, 0x000000070ec00000|  0%| F|  |TAMS 0x000000070eb00000, 0x000000070eb00000| Untracked 
| 216|0x000000070ec00000, 0x000000070ec00000, 0x000000070ed00000|  0%| F|  |TAMS 0x000000070ec00000, 0x000000070ec00000| Untracked 
| 217|0x000000070ed00000, 0x000000070ed00000, 0x000000070ee00000|  0%| F|  |TAMS 0x000000070ed00000, 0x000000070ed00000| Untracked 
| 218|0x000000070ee00000, 0x000000070ee00000, 0x000000070ef00000|  0%| F|  |TAMS 0x000000070ee00000, 0x000000070ee00000| Untracked 
| 219|0x000000070ef00000, 0x000000070ef00000, 0x000000070f000000|  0%| F|  |TAMS 0x000000070ef00000, 0x000000070ef00000| Untracked 
| 220|0x000000070f000000, 0x000000070f000000, 0x000000070f100000|  0%| F|  |TAMS 0x000000070f000000, 0x000000070f000000| Untracked 
| 221|0x000000070f100000, 0x000000070f100000, 0x000000070f200000|  0%| F|  |TAMS 0x000000070f100000, 0x000000070f100000| Untracked 
| 222|0x000000070f200000, 0x000000070f200000, 0x000000070f300000|  0%| F|  |TAMS 0x000000070f200000, 0x000000070f200000| Untracked 
| 223|0x000000070f300000, 0x000000070f300000, 0x000000070f400000|  0%| F|  |TAMS 0x000000070f300000, 0x000000070f300000| Untracked 
| 224|0x000000070f400000, 0x000000070f400000, 0x000000070f500000|  0%| F|  |TAMS 0x000000070f400000, 0x000000070f400000| Untracked 
| 225|0x000000070f500000, 0x000000070f500000, 0x000000070f600000|  0%| F|  |TAMS 0x000000070f500000, 0x000000070f500000| Untracked 
| 226|0x000000070f600000, 0x000000070f600000, 0x000000070f700000|  0%| F|  |TAMS 0x000000070f600000, 0x000000070f600000| Untracked 
| 227|0x000000070f700000, 0x000000070f700000, 0x000000070f800000|  0%| F|  |TAMS 0x000000070f700000, 0x000000070f700000| Untracked 
| 228|0x000000070f800000, 0x000000070f800000, 0x000000070f900000|  0%| F|  |TAMS 0x000000070f800000, 0x000000070f800000| Untracked 
| 229|0x000000070f900000, 0x000000070f900000, 0x000000070fa00000|  0%| F|  |TAMS 0x000000070f900000, 0x000000070f900000| Untracked 
| 230|0x000000070fa00000, 0x000000070fa00000, 0x000000070fb00000|  0%| F|  |TAMS 0x000000070fa00000, 0x000000070fa00000| Untracked 
| 231|0x000000070fb00000, 0x000000070fb00000, 0x000000070fc00000|  0%| F|  |TAMS 0x000000070fb00000, 0x000000070fb00000| Untracked 
| 232|0x000000070fc00000, 0x000000070fc00000, 0x000000070fd00000|  0%| F|  |TAMS 0x000000070fc00000, 0x000000070fc00000| Untracked 
| 233|0x000000070fd00000, 0x000000070fd00000, 0x000000070fe00000|  0%| F|  |TAMS 0x000000070fd00000, 0x000000070fd00000| Untracked 
| 234|0x000000070fe00000, 0x000000070fe00000, 0x000000070ff00000|  0%| F|  |TAMS 0x000000070fe00000, 0x000000070fe00000| Untracked 
| 235|0x000000070ff00000, 0x000000070ff00000, 0x0000000710000000|  0%| F|  |TAMS 0x000000070ff00000, 0x000000070ff00000| Untracked 
| 236|0x0000000710000000, 0x0000000710000000, 0x0000000710100000|  0%| F|  |TAMS 0x0000000710000000, 0x0000000710000000| Untracked 
| 237|0x0000000710100000, 0x0000000710100000, 0x0000000710200000|  0%| F|  |TAMS 0x0000000710100000, 0x0000000710100000| Untracked 
| 238|0x0000000710200000, 0x0000000710200000, 0x0000000710300000|  0%| F|  |TAMS 0x0000000710200000, 0x0000000710200000| Untracked 
| 239|0x0000000710300000, 0x0000000710300000, 0x0000000710400000|  0%| F|  |TAMS 0x0000000710300000, 0x0000000710300000| Untracked 
| 240|0x0000000710400000, 0x0000000710400000, 0x0000000710500000|  0%| F|  |TAMS 0x0000000710400000, 0x0000000710400000| Untracked 
| 241|0x0000000710500000, 0x0000000710500000, 0x0000000710600000|  0%| F|  |TAMS 0x0000000710500000, 0x0000000710500000| Untracked 
| 242|0x0000000710600000, 0x0000000710600000, 0x0000000710700000|  0%| F|  |TAMS 0x0000000710600000, 0x0000000710600000| Untracked 
| 243|0x0000000710700000, 0x0000000710700000, 0x0000000710800000|  0%| F|  |TAMS 0x0000000710700000, 0x0000000710700000| Untracked 
| 244|0x0000000710800000, 0x0000000710800000, 0x0000000710900000|  0%| F|  |TAMS 0x0000000710800000, 0x0000000710800000| Untracked 
| 245|0x0000000710900000, 0x0000000710900000, 0x0000000710a00000|  0%| F|  |TAMS 0x0000000710900000, 0x0000000710900000| Untracked 
| 246|0x0000000710a00000, 0x0000000710a00000, 0x0000000710b00000|  0%| F|  |TAMS 0x0000000710a00000, 0x0000000710a00000| Untracked 
| 247|0x0000000710b00000, 0x0000000710b00000, 0x0000000710c00000|  0%| F|  |TAMS 0x0000000710b00000, 0x0000000710b00000| Untracked 
| 248|0x0000000710c00000, 0x0000000710c00000, 0x0000000710d00000|  0%| F|  |TAMS 0x0000000710c00000, 0x0000000710c00000| Untracked 
| 249|0x0000000710d00000, 0x0000000710d00000, 0x0000000710e00000|  0%| F|  |TAMS 0x0000000710d00000, 0x0000000710d00000| Untracked 
| 250|0x0000000710e00000, 0x0000000710e00000, 0x0000000710f00000|  0%| F|  |TAMS 0x0000000710e00000, 0x0000000710e00000| Untracked 
| 251|0x0000000710f00000, 0x0000000710f00000, 0x0000000711000000|  0%| F|  |TAMS 0x0000000710f00000, 0x0000000710f00000| Untracked 
| 252|0x0000000711000000, 0x0000000711000000, 0x0000000711100000|  0%| F|  |TAMS 0x0000000711000000, 0x0000000711000000| Untracked 
| 253|0x0000000711100000, 0x0000000711100000, 0x0000000711200000|  0%| F|  |TAMS 0x0000000711100000, 0x0000000711100000| Untracked 
| 254|0x0000000711200000, 0x0000000711200000, 0x0000000711300000|  0%| F|  |TAMS 0x0000000711200000, 0x0000000711200000| Untracked 
| 255|0x0000000711300000, 0x0000000711300000, 0x0000000711400000|  0%| F|  |TAMS 0x0000000711300000, 0x0000000711300000| Untracked 
| 256|0x0000000711400000, 0x0000000711400000, 0x0000000711500000|  0%| F|  |TAMS 0x0000000711400000, 0x0000000711400000| Untracked 
| 257|0x0000000711500000, 0x0000000711500000, 0x0000000711600000|  0%| F|  |TAMS 0x0000000711500000, 0x0000000711500000| Untracked 
| 258|0x0000000711600000, 0x0000000711600000, 0x0000000711700000|  0%| F|  |TAMS 0x0000000711600000, 0x0000000711600000| Untracked 
| 259|0x0000000711700000, 0x0000000711700000, 0x0000000711800000|  0%| F|  |TAMS 0x0000000711700000, 0x0000000711700000| Untracked 
| 260|0x0000000711800000, 0x0000000711800000, 0x0000000711900000|  0%| F|  |TAMS 0x0000000711800000, 0x0000000711800000| Untracked 
| 261|0x0000000711900000, 0x0000000711900000, 0x0000000711a00000|  0%| F|  |TAMS 0x0000000711900000, 0x0000000711900000| Untracked 
| 262|0x0000000711a00000, 0x0000000711a00000, 0x0000000711b00000|  0%| F|  |TAMS 0x0000000711a00000, 0x0000000711a00000| Untracked 
| 263|0x0000000711b00000, 0x0000000711b00000, 0x0000000711c00000|  0%| F|  |TAMS 0x0000000711b00000, 0x0000000711b00000| Untracked 
| 264|0x0000000711c00000, 0x0000000711c00000, 0x0000000711d00000|  0%| F|  |TAMS 0x0000000711c00000, 0x0000000711c00000| Untracked 
| 265|0x0000000711d00000, 0x0000000711d00000, 0x0000000711e00000|  0%| F|  |TAMS 0x0000000711d00000, 0x0000000711d00000| Untracked 
| 266|0x0000000711e00000, 0x0000000711e00000, 0x0000000711f00000|  0%| F|  |TAMS 0x0000000711e00000, 0x0000000711e00000| Untracked 
| 267|0x0000000711f00000, 0x0000000711f00000, 0x0000000712000000|  0%| F|  |TAMS 0x0000000711f00000, 0x0000000711f00000| Untracked 
| 268|0x0000000712000000, 0x0000000712000000, 0x0000000712100000|  0%| F|  |TAMS 0x0000000712000000, 0x0000000712000000| Untracked 
| 269|0x0000000712100000, 0x0000000712100000, 0x0000000712200000|  0%| F|  |TAMS 0x0000000712100000, 0x0000000712100000| Untracked 
| 270|0x0000000712200000, 0x0000000712200000, 0x0000000712300000|  0%| F|  |TAMS 0x0000000712200000, 0x0000000712200000| Untracked 
| 271|0x0000000712300000, 0x0000000712300000, 0x0000000712400000|  0%| F|  |TAMS 0x0000000712300000, 0x0000000712300000| Untracked 
| 272|0x0000000712400000, 0x0000000712400000, 0x0000000712500000|  0%| F|  |TAMS 0x0000000712400000, 0x0000000712400000| Untracked 
| 273|0x0000000712500000, 0x0000000712500000, 0x0000000712600000|  0%| F|  |TAMS 0x0000000712500000, 0x0000000712500000| Untracked 
| 274|0x0000000712600000, 0x0000000712600000, 0x0000000712700000|  0%| F|  |TAMS 0x0000000712600000, 0x0000000712600000| Untracked 
| 275|0x0000000712700000, 0x0000000712700000, 0x0000000712800000|  0%| F|  |TAMS 0x0000000712700000, 0x0000000712700000| Untracked 
| 276|0x0000000712800000, 0x0000000712800000, 0x0000000712900000|  0%| F|  |TAMS 0x0000000712800000, 0x0000000712800000| Untracked 
| 277|0x0000000712900000, 0x0000000712900000, 0x0000000712a00000|  0%| F|  |TAMS 0x0000000712900000, 0x0000000712900000| Untracked 
| 278|0x0000000712a00000, 0x0000000712a00000, 0x0000000712b00000|  0%| F|  |TAMS 0x0000000712a00000, 0x0000000712a00000| Untracked 
| 279|0x0000000712b00000, 0x0000000712b00000, 0x0000000712c00000|  0%| F|  |TAMS 0x0000000712b00000, 0x0000000712b00000| Untracked 
| 280|0x0000000712c00000, 0x0000000712c00000, 0x0000000712d00000|  0%| F|  |TAMS 0x0000000712c00000, 0x0000000712c00000| Untracked 
| 281|0x0000000712d00000, 0x0000000712d00000, 0x0000000712e00000|  0%| F|  |TAMS 0x0000000712d00000, 0x0000000712d00000| Untracked 
| 282|0x0000000712e00000, 0x0000000712e00000, 0x0000000712f00000|  0%| F|  |TAMS 0x0000000712e00000, 0x0000000712e00000| Untracked 
| 283|0x0000000712f00000, 0x0000000712f00000, 0x0000000713000000|  0%| F|  |TAMS 0x0000000712f00000, 0x0000000712f00000| Untracked 
| 284|0x0000000713000000, 0x0000000713000000, 0x0000000713100000|  0%| F|  |TAMS 0x0000000713000000, 0x0000000713000000| Untracked 
| 285|0x0000000713100000, 0x0000000713100000, 0x0000000713200000|  0%| F|  |TAMS 0x0000000713100000, 0x0000000713100000| Untracked 
| 286|0x0000000713200000, 0x0000000713200000, 0x0000000713300000|  0%| F|  |TAMS 0x0000000713200000, 0x0000000713200000| Untracked 
| 287|0x0000000713300000, 0x0000000713300000, 0x0000000713400000|  0%| F|  |TAMS 0x0000000713300000, 0x0000000713300000| Untracked 
| 288|0x0000000713400000, 0x0000000713400000, 0x0000000713500000|  0%| F|  |TAMS 0x0000000713400000, 0x0000000713400000| Untracked 
| 289|0x0000000713500000, 0x0000000713500000, 0x0000000713600000|  0%| F|  |TAMS 0x0000000713500000, 0x0000000713500000| Untracked 
| 290|0x0000000713600000, 0x0000000713600000, 0x0000000713700000|  0%| F|  |TAMS 0x0000000713600000, 0x0000000713600000| Untracked 
| 291|0x0000000713700000, 0x0000000713785098, 0x0000000713800000| 51%| E|  |TAMS 0x0000000713700000, 0x0000000713700000| Complete 
| 292|0x0000000713800000, 0x0000000713900000, 0x0000000713900000|100%| E|CS|TAMS 0x0000000713800000, 0x0000000713800000| Complete 
| 293|0x0000000713900000, 0x0000000713a00000, 0x0000000713a00000|100%| E|CS|TAMS 0x0000000713900000, 0x0000000713900000| Complete 
| 294|0x0000000713a00000, 0x0000000713b00000, 0x0000000713b00000|100%| E|CS|TAMS 0x0000000713a00000, 0x0000000713a00000| Complete 
| 295|0x0000000713b00000, 0x0000000713c00000, 0x0000000713c00000|100%| E|CS|TAMS 0x0000000713b00000, 0x0000000713b00000| Complete 
| 296|0x0000000713c00000, 0x0000000713d00000, 0x0000000713d00000|100%| E|CS|TAMS 0x0000000713c00000, 0x0000000713c00000| Complete 
| 297|0x0000000713d00000, 0x0000000713e00000, 0x0000000713e00000|100%| E|CS|TAMS 0x0000000713d00000, 0x0000000713d00000| Complete 
| 298|0x0000000713e00000, 0x0000000713f00000, 0x0000000713f00000|100%| E|CS|TAMS 0x0000000713e00000, 0x0000000713e00000| Complete 
| 299|0x0000000713f00000, 0x0000000714000000, 0x0000000714000000|100%| E|CS|TAMS 0x0000000713f00000, 0x0000000713f00000| Complete 
| 300|0x0000000714000000, 0x0000000714100000, 0x0000000714100000|100%| E|CS|TAMS 0x0000000714000000, 0x0000000714000000| Complete 
| 301|0x0000000714100000, 0x0000000714200000, 0x0000000714200000|100%| E|CS|TAMS 0x0000000714100000, 0x0000000714100000| Complete 
| 302|0x0000000714200000, 0x0000000714300000, 0x0000000714300000|100%| E|CS|TAMS 0x0000000714200000, 0x0000000714200000| Complete 
| 303|0x0000000714300000, 0x0000000714400000, 0x0000000714400000|100%| E|CS|TAMS 0x0000000714300000, 0x0000000714300000| Complete 
| 304|0x0000000714400000, 0x0000000714500000, 0x0000000714500000|100%| E|CS|TAMS 0x0000000714400000, 0x0000000714400000| Complete 
| 305|0x0000000714500000, 0x0000000714600000, 0x0000000714600000|100%| E|CS|TAMS 0x0000000714500000, 0x0000000714500000| Complete 
| 306|0x0000000714600000, 0x0000000714700000, 0x0000000714700000|100%| E|CS|TAMS 0x0000000714600000, 0x0000000714600000| Complete 
| 307|0x0000000714700000, 0x0000000714800000, 0x0000000714800000|100%| E|CS|TAMS 0x0000000714700000, 0x0000000714700000| Complete 

Card table byte_map: [0x00000238749f0000,0x00000238751f0000] _byte_map_base: 0x00000238711e6000

Marking Bits (Prev, Next): (CMBitMap*) 0x000002387010ecc8, (CMBitMap*) 0x000002387010ed00
 Prev Bits: [0x00000238759f0000, 0x00000238799a0000)
 Next Bits: [0x00000238799a0000, 0x000002387d950000)

Polling page: 0x000002386e860000

Metaspace:

Usage:
  Non-class:     65.96 MB capacity,    65.45 MB (>99%) used,   402.47 KB ( <1%) free+waste,   126.69 KB ( <1%) overhead. 
      Class:      8.35 MB capacity,     8.03 MB ( 96%) used,   278.48 KB (  3%) free+waste,    54.50 KB ( <1%) overhead. 
       Both:     74.31 MB capacity,    73.47 MB ( 99%) used,   680.95 KB ( <1%) free+waste,   181.19 KB ( <1%) overhead. 

Virtual space:
  Non-class space:       66.00 MB reserved,      66.00 MB (100%) committed 
      Class space:        1.00 GB reserved,       8.38 MB ( <1%) committed 
             Both:        1.06 GB reserved,      74.38 MB (  7%) committed 

Chunk freelists:
   Non-Class:  38.00 KB
       Class:  24.00 KB
        Both:  62.00 KB

MaxMetaspaceSize: 17179869184.00 GB
CompressedClassSpaceSize: 1.00 GB
Initial GC threshold: 20.80 MB
Current GC threshold: 120.84 MB
CDS: off

CodeHeap 'non-profiled nmethods': size=120064Kb used=5328Kb max_used=5328Kb free=114735Kb
 bounds [0x0000023807ac0000, 0x0000023808000000, 0x000002380f000000]
CodeHeap 'profiled nmethods': size=120000Kb used=33257Kb max_used=33257Kb free=86742Kb
 bounds [0x0000023800590000, 0x0000023802610000, 0x0000023807ac0000]
CodeHeap 'non-nmethods': size=5696Kb used=1381Kb max_used=1407Kb free=4314Kb
 bounds [0x0000023800000000, 0x0000023800270000, 0x0000023800590000]
 total_blobs=11658 nmethods=10979 adapters=588
 compilation: enabled
              stopped_count=0, restarted_count=0
 full_count=0

Compilation events (20 events):
Event: 8.667 Thread 0x000002380fae8800 10969       3       org.jetbrains.kotlin.serialization.deserialization.MemberDeserializer::getAnnotations (51 bytes)
Event: 8.668 Thread 0x000002380fae8800 nmethod 10969 0x00000238025ff810 code [0x00000238025ffc40, 0x0000023802601b98]
Event: 8.668 Thread 0x000002380fae8800 10972       3       org.jetbrains.kotlin.descriptors.impl.DeclarationDescriptorImpl::toString (5 bytes)
Event: 8.668 Thread 0x000002380fae8800 nmethod 10972 0x0000023802602610 code [0x00000238026027c0, 0x00000238026028e8]
Event: 8.668 Thread 0x000002380fae8800 10973   !   3       org.jetbrains.kotlin.descriptors.impl.DeclarationDescriptorImpl::toString (117 bytes)
Event: 8.669 Thread 0x000002380fa9c800 nmethod 10967 0x0000023807fed110 code [0x0000023807fed2c0, 0x0000023807fed4d8]
Event: 8.669 Thread 0x000002380fa9c800 10965       4       org.jetbrains.kotlin.name.Name::getIdentifier (47 bytes)
Event: 8.669 Thread 0x000002380fae8800 nmethod 10973 0x0000023802602990 code [0x0000023802602de0, 0x00000238026046f8]
Event: 8.669 Thread 0x000002380fae8800 10974       3       org.jetbrains.kotlin.descriptors.ModuleDescriptor$DefaultImpls::accept (15 bytes)
Event: 8.669 Thread 0x000002380fa9c800 nmethod 10965 0x0000023807fed710 code [0x0000023807fed8a0, 0x0000023807fed938]
Event: 8.669 Thread 0x000002380fa9c800 10962       4       org.jetbrains.kotlin.protobuf.ByteString::concat (74 bytes)
Event: 8.670 Thread 0x000002380fae8800 nmethod 10974 0x0000023802605190 code [0x00000238026053c0, 0x0000023802605a48]
Event: 8.670 Thread 0x000002380fae8800 10970       1       org.jetbrains.kotlin.metadata.ProtoBuf$Function::getReturnType (5 bytes)
Event: 8.670 Thread 0x000002380fae8800 nmethod 10970 0x0000023807feda10 code [0x0000023807fedbc0, 0x0000023807fedc78]
Event: 8.670 Thread 0x000002380fae8800 10976       1       org.jetbrains.kotlin.ir.declarations.impl.IrFunctionCommonImpl::getName (5 bytes)
Event: 8.670 Thread 0x000002380fae8800 nmethod 10976 0x0000023807fedd10 code [0x0000023807fedec0, 0x0000023807fedf78]
Event: 8.670 Thread 0x000002380fae8800 10971       3       org.jetbrains.kotlin.serialization.deserialization.DeserializationContext::childContext$default (68 bytes)
Event: 8.670 Thread 0x000002380fae8800 nmethod 10971 0x0000023802605d10 code [0x0000023802605ee0, 0x0000023802606128]
Event: 8.671 Thread 0x000002380fa9c800 nmethod 10962 0x0000023807fee010 code [0x0000023807fee1c0, 0x0000023807fee2f8]
Event: 8.671 Thread 0x000002380fa9c800 10975       4       org.jetbrains.kotlin.ir.symbols.impl.IrBindableSymbolBase::getOwner (48 bytes)

GC Heap History (16 events):
Event: 0.364 GC heap before
{Heap before GC invocations=0 (full 0):
 garbage-first heap   total 262144K, used 18432K [0x0000000701400000, 0x0000000800000000)
  region size 1024K, 14 young (14336K), 0 survivors (0K)
 Metaspace       used 9872K, capacity 9970K, committed 10112K, reserved 1058816K
  class space    used 827K, capacity 853K, committed 896K, reserved 1048576K
}
Event: 0.366 GC heap after
{Heap after GC invocations=1 (full 0):
 garbage-first heap   total 262144K, used 6274K [0x0000000701400000, 0x0000000800000000)
  region size 1024K, 2 young (2048K), 2 survivors (2048K)
 Metaspace       used 9872K, capacity 9970K, committed 10112K, reserved 1058816K
  class space    used 827K, capacity 853K, committed 896K, reserved 1048576K
}
Event: 1.038 GC heap before
{Heap before GC invocations=1 (full 0):
 garbage-first heap   total 262144K, used 54402K [0x0000000701400000, 0x0000000800000000)
  region size 1024K, 50 young (51200K), 2 survivors (2048K)
 Metaspace       used 20943K, capacity 21124K, committed 21248K, reserved 1069056K
  class space    used 2218K, capacity 2303K, committed 2304K, reserved 1048576K
}
Event: 1.049 GC heap after
{Heap after GC invocations=2 (full 0):
 garbage-first heap   total 262144K, used 10862K [0x0000000701400000, 0x0000000800000000)
  region size 1024K, 7 young (7168K), 7 survivors (7168K)
 Metaspace       used 20943K, capacity 21124K, committed 21248K, reserved 1069056K
  class space    used 2218K, capacity 2303K, committed 2304K, reserved 1048576K
}
Event: 1.867 GC heap before
{Heap before GC invocations=3 (full 0):
 garbage-first heap   total 262144K, used 67182K [0x0000000701400000, 0x0000000800000000)
  region size 1024K, 56 young (57344K), 7 survivors (7168K)
 Metaspace       used 32710K, capacity 33159K, committed 33280K, reserved 1079296K
  class space    used 4062K, capacity 4242K, committed 4352K, reserved 1048576K
}
Event: 1.878 GC heap after
{Heap after GC invocations=4 (full 0):
 garbage-first heap   total 262144K, used 23522K [0x0000000701400000, 0x0000000800000000)
  region size 1024K, 7 young (7168K), 7 survivors (7168K)
 Metaspace       used 32710K, capacity 33159K, committed 33280K, reserved 1079296K
  class space    used 4062K, capacity 4242K, committed 4352K, reserved 1048576K
}
Event: 2.007 GC heap before
{Heap before GC invocations=4 (full 0):
 garbage-first heap   total 262144K, used 33762K [0x0000000701400000, 0x0000000800000000)
  region size 1024K, 18 young (18432K), 7 survivors (7168K)
 Metaspace       used 35076K, capacity 35463K, committed 35584K, reserved 1081344K
  class space    used 4317K, capacity 4498K, committed 4608K, reserved 1048576K
}
Event: 2.017 GC heap after
{Heap after GC invocations=5 (full 0):
 garbage-first heap   total 262144K, used 25149K [0x0000000701400000, 0x0000000800000000)
  region size 1024K, 2 young (2048K), 2 survivors (2048K)
 Metaspace       used 35076K, capacity 35463K, committed 35584K, reserved 1081344K
  class space    used 4317K, capacity 4498K, committed 4608K, reserved 1048576K
}
Event: 2.992 GC heap before
{Heap before GC invocations=6 (full 0):
 garbage-first heap   total 262144K, used 103997K [0x0000000701400000, 0x0000000800000000)
  region size 1024K, 76 young (77824K), 2 survivors (2048K)
 Metaspace       used 48272K, capacity 48807K, committed 48896K, reserved 1091584K
  class space    used 5638K, capacity 5847K, committed 5888K, reserved 1048576K
}
Event: 3.003 GC heap after
{Heap after GC invocations=7 (full 0):
 garbage-first heap   total 315392K, used 34816K [0x0000000701400000, 0x0000000800000000)
  region size 1024K, 10 young (10240K), 10 survivors (10240K)
 Metaspace       used 48272K, capacity 48807K, committed 48896K, reserved 1091584K
  class space    used 5638K, capacity 5847K, committed 5888K, reserved 1048576K
}
Event: 4.537 GC heap before
{Heap before GC invocations=7 (full 0):
 garbage-first heap   total 315392K, used 125952K [0x0000000701400000, 0x0000000800000000)
  region size 1024K, 99 young (101376K), 10 survivors (10240K)
 Metaspace       used 56190K, capacity 56823K, committed 57088K, reserved 1099776K
  class space    used 6328K, capacity 6588K, committed 6656K, reserved 1048576K
}
Event: 4.558 GC heap after
{Heap after GC invocations=8 (full 0):
 garbage-first heap   total 315392K, used 45980K [0x0000000701400000, 0x0000000800000000)
  region size 1024K, 13 young (13312K), 13 survivors (13312K)
 Metaspace       used 56190K, capacity 56823K, committed 57088K, reserved 1099776K
  class space    used 6328K, capacity 6588K, committed 6656K, reserved 1048576K
}
Event: 5.251 GC heap before
{Heap before GC invocations=8 (full 0):
 garbage-first heap   total 315392K, used 95132K [0x0000000701400000, 0x0000000800000000)
  region size 1024K, 62 young (63488K), 13 survivors (13312K)
 Metaspace       used 58949K, capacity 59586K, committed 59648K, reserved 1101824K
  class space    used 6630K, capacity 6912K, committed 6912K, reserved 1048576K
}
Event: 5.289 GC heap after
{Heap after GC invocations=9 (full 0):
 garbage-first heap   total 315392K, used 52863K [0x0000000701400000, 0x0000000800000000)
  region size 1024K, 7 young (7168K), 7 survivors (7168K)
 Metaspace       used 58949K, capacity 59586K, committed 59648K, reserved 1101824K
  class space    used 6630K, capacity 6912K, committed 6912K, reserved 1048576K
}
Event: 8.297 GC heap before
{Heap before GC invocations=10 (full 0):
 garbage-first heap   total 315392K, used 171647K [0x0000000701400000, 0x0000000800000000)
  region size 1024K, 123 young (125952K), 7 survivors (7168K)
 Metaspace       used 73174K, capacity 74044K, committed 74240K, reserved 1116160K
  class space    used 7998K, capacity 8359K, committed 8448K, reserved 1048576K
}
Event: 8.324 GC heap after
{Heap after GC invocations=11 (full 0):
 garbage-first heap   total 315392K, used 66048K [0x0000000701400000, 0x0000000800000000)
  region size 1024K, 16 young (16384K), 16 survivors (16384K)
 Metaspace       used 73174K, capacity 74044K, committed 74240K, reserved 1116160K
  class space    used 7998K, capacity 8359K, committed 8448K, reserved 1048576K
}

Deoptimization events (20 events):
Event: 8.482 Thread 0x00000238700ac800 Uncommon trap: trap_request=0xffffff4d fr.pc=0x0000023807f9589c relative=0x000000000000055c
Event: 8.482 Thread 0x00000238700ac800 Uncommon trap: reason=unstable_if action=reinterpret pc=0x0000023807f9589c method=org.jetbrains.kotlin.descriptors.impl.FunctionDescriptorImpl.isOperator()Z @ 49 c2
Event: 8.482 Thread 0x00000238700ac800 DEOPT PACKING pc=0x0000023807f9589c sp=0x00000039859fdbe0
Event: 8.482 Thread 0x00000238700ac800 DEOPT UNPACKING pc=0x000002380004a1af sp=0x00000039859fdb08 mode 2
Event: 8.539 Thread 0x00000238700ac800 Uncommon trap: trap_request=0xffffff4d fr.pc=0x0000023807fb7794 relative=0x0000000000000074
Event: 8.539 Thread 0x00000238700ac800 Uncommon trap: reason=unstable_if action=reinterpret pc=0x0000023807fb7794 method=org.jetbrains.kotlin.ir.declarations.IrValueParameter.acceptChildren(Lorg/jetbrains/kotlin/ir/visitors/IrElementVisitor;Ljava/lang/Object;)V @ 11 c2
Event: 8.539 Thread 0x00000238700ac800 DEOPT PACKING pc=0x0000023807fb7794 sp=0x00000039859fd6c0
Event: 8.539 Thread 0x00000238700ac800 DEOPT UNPACKING pc=0x000002380004a1af sp=0x00000039859fd650 mode 2
Event: 8.578 Thread 0x00000238700ac800 Uncommon trap: trap_request=0xffffff4d fr.pc=0x0000023807d7cce8 relative=0x0000000000000508
Event: 8.578 Thread 0x00000238700ac800 Uncommon trap: reason=unstable_if action=reinterpret pc=0x0000023807d7cce8 method=kotlin.LazyKt__LazyJVMKt.lazy(Lkotlin/LazyThreadSafetyMode;Lkotlin/jvm/functions/Function0;)Lkotlin/Lazy; @ 21 c2
Event: 8.578 Thread 0x00000238700ac800 DEOPT PACKING pc=0x0000023807d7cce8 sp=0x00000039859fe020
Event: 8.578 Thread 0x00000238700ac800 DEOPT UNPACKING pc=0x000002380004a1af sp=0x00000039859fdfe0 mode 2
Event: 8.590 Thread 0x00000238700ac800 Uncommon trap: trap_request=0xffffff4d fr.pc=0x0000023807fba8f8 relative=0x0000000000000dd8
Event: 8.590 Thread 0x00000238700ac800 Uncommon trap: reason=unstable_if action=reinterpret pc=0x0000023807fba8f8 method=org.jetbrains.kotlin.descriptors.impl.FunctionDescriptorImpl.isInfix()Z @ 4 c2
Event: 8.590 Thread 0x00000238700ac800 DEOPT PACKING pc=0x0000023807fba8f8 sp=0x00000039859fe040
Event: 8.590 Thread 0x00000238700ac800 DEOPT UNPACKING pc=0x000002380004a1af sp=0x00000039859fe010 mode 2
Event: 8.623 Thread 0x00000238700ac800 Uncommon trap: trap_request=0xffffff4d fr.pc=0x0000023807e4e280 relative=0x0000000000000500
Event: 8.623 Thread 0x00000238700ac800 Uncommon trap: reason=unstable_if action=reinterpret pc=0x0000023807e4e280 method=org.jetbrains.kotlin.config.MavenComparableVersion$ListItem.compareTo(Lorg/jetbrains/kotlin/config/MavenComparableVersion$Item;)I @ 105 c2
Event: 8.623 Thread 0x00000238700ac800 DEOPT PACKING pc=0x0000023807e4e280 sp=0x00000039859fe6a0
Event: 8.623 Thread 0x00000238700ac800 DEOPT UNPACKING pc=0x000002380004a1af sp=0x00000039859fe648 mode 2

Classes redefined (0 events):
No events

Internal exceptions (20 events):
Event: 5.432 Thread 0x00000238700ac800 Exception <a 'java/lang/NoSuchMethodError'{0x00000007142f16e8}: 'java.lang.Object java.lang.invoke.DirectMethodHandle$Holder.invokeSpecial(java.lang.Object, java.lang.Object, java.lang.Object, java.lang.Object, java.lang.Object, int)'> (0x00000007142f16e8) thrown at [./src/hotspot/share/interpreter/linkResolver.cpp, line 773]
Event: 5.432 Thread 0x00000238700ac800 Exception <a 'java/lang/NoSuchMethodError'{0x00000007142f5530}: 'java.lang.Object java.lang.invoke.Invokers$Holder.linkToTargetMethod(java.lang.Object, java.lang.Object, java.lang.Object, int, java.lang.Object)'> (0x00000007142f5530) thrown at [./src/hotspot/share/interpreter/linkResolver.cpp, line 773]
Event: 5.468 Thread 0x00000238700ac800 Exception <a 'java/lang/NoSuchMethodError'{0x00000007140a8558}: 'void java.lang.invoke.DirectMethodHandle$Holder.invokeInterface(java.lang.Object, java.lang.Object)'> (0x00000007140a8558) thrown at [./src/hotspot/share/interpreter/linkResolver.cpp, line 773]
Event: 5.516 Thread 0x00000238700ac800 Exception <a 'java/lang/IncompatibleClassChangeError'{0x0000000713e968c8}: Found class java.lang.Object, but interface was expected> (0x0000000713e968c8) thrown at [./src/hotspot/share/interpreter/linkResolver.cpp, line 839]
Event: 5.666 Thread 0x00000238700ac800 Exception <a 'java/lang/NoSuchMethodError'{0x000000071381b600}: 'java.lang.Object java.lang.invoke.Invokers$Holder.linkToTargetMethod(java.lang.Object, java.lang.Object, java.lang.Object, java.lang.Object, java.lang.Object, java.lang.Object, java.lang.Object)'> (0x000000071381b600) thrown at [./src/hotspot/share/interpreter/linkResolver.cpp, line 773]
Event: 6.719 Thread 0x00000238700ac800 Implicit null exception at 0x0000023807d438dc to 0x0000023807d44244
Event: 7.639 Thread 0x00000238700ac800 Implicit null exception at 0x0000023807b23af5 to 0x0000023807b23ce4
Event: 7.639 Thread 0x00000238700ac800 Implicit null exception at 0x0000023807af65af to 0x0000023807af6629
Event: 7.854 Thread 0x00000238700ac800 Exception <a 'java/lang/NoSuchMethodError'{0x000000070e937c18}: 'java.lang.Object java.lang.invoke.DirectMethodHandle$Holder.invokeStaticInit(java.lang.Object, java.lang.Object, java.lang.Object, java.lang.Object)'> (0x000000070e937c18) thrown at [./src/hotspot/share/interpreter/linkResolver.cpp, line 773]
Event: 7.979 Thread 0x00000238700ac800 Exception <a 'java/lang/NoSuchMethodError'{0x000000070df228f0}: 'int java.lang.invoke.DirectMethodHandle$Holder.invokeStaticInit(java.lang.Object, java.lang.Object, java.lang.Object, java.lang.Object)'> (0x000000070df228f0) thrown at [./src/hotspot/share/interpreter/linkResolver.cpp, line 773]
Event: 7.986 Thread 0x00000238700ac800 Implicit null exception at 0x0000023807b270f8 to 0x0000023807b2718a
Event: 8.009 Thread 0x00000238700ac800 Exception <a 'java/lang/NoSuchMethodError'{0x000000070dd9f9c8}: 'java.lang.Object java.lang.invoke.DirectMethodHandle$Holder.invokeStatic(java.lang.Object, java.lang.Object, java.lang.Object, int, int, java.lang.Object, java.lang.Object, java.lang.Object)'> (0x000000070dd9f9c8) thrown at [./src/hotspot/share/interpreter/linkResolver.cpp, line 773]
Event: 8.010 Thread 0x00000238700ac800 Exception <a 'java/lang/NoSuchMethodError'{0x000000070dda9f48}: 'java.lang.Object java.lang.invoke.DirectMethodHandle$Holder.invokeStatic(java.lang.Object, java.lang.Object, java.lang.Object, int, int)'> (0x000000070dda9f48) thrown at [./src/hotspot/share/interpreter/linkResolver.cpp, line 773]
Event: 8.010 Thread 0x00000238700ac800 Exception <a 'java/lang/NoSuchMethodError'{0x000000070ddad728}: 'java.lang.Object java.lang.invoke.DirectMethodHandle$Holder.invokeSpecial(java.lang.Object, java.lang.Object, java.lang.Object, java.lang.Object, int, int)'> (0x000000070ddad728) thrown at [./src/hotspot/share/interpreter/linkResolver.cpp, line 773]
Event: 8.010 Thread 0x00000238700ac800 Exception <a 'java/lang/NoSuchMethodError'{0x000000070ddb0830}: 'java.lang.Object java.lang.invoke.Invokers$Holder.linkToTargetMethod(java.lang.Object, java.lang.Object, int, int, java.lang.Object)'> (0x000000070ddb0830) thrown at [./src/hotspot/share/interpreter/linkResolver.cpp, line 773]
Event: 8.032 Thread 0x00000238700ac800 Exception <a 'java/lang/NoSuchMethodError'{0x000000070dcfceb8}: 'java.lang.Object java.lang.invoke.DirectMethodHandle$Holder.invokeStatic(java.lang.Object, java.lang.Object, java.lang.Object, int, int, java.lang.Object, java.lang.Object)'> (0x000000070dcfceb8) thrown at [./src/hotspot/share/interpreter/linkResolver.cpp, line 773]
Event: 8.033 Thread 0x00000238700ac800 Exception <a 'java/lang/NoSuchMethodError'{0x000000070db01130}: 'java.lang.Object java.lang.invoke.DirectMethodHandle$Holder.invokeSpecial(java.lang.Object, java.lang.Object, java.lang.Object, java.lang.Object, int, int, java.lang.Object, java.lang.Object)'> (0x000000070db01130) thrown at [./src/hotspot/share/interpreter/linkResolver.cpp, line 773]
Event: 8.033 Thread 0x00000238700ac800 Exception <a 'java/lang/NoSuchMethodError'{0x000000070db04540}: 'java.lang.Object java.lang.invoke.Invokers$Holder.linkToTargetMethod(java.lang.Object, java.lang.Object, int, int, java.lang.Object, java.lang.Object, java.lang.Object)'> (0x000000070db04540) thrown at [./src/hotspot/share/interpreter/linkResolver.cpp, line 773]
Event: 8.040 Thread 0x00000238700ac800 Exception <a 'java/lang/NoSuchMethodError'{0x000000070db6afd0}: 'java.lang.Object java.lang.invoke.DirectMethodHandle$Holder.invokeStatic(java.lang.Object, java.lang.Object, java.lang.Object, int, int, java.lang.Object, java.lang.Object, java.lang.Object, java.lang.Object)'> (0x000000070db6afd0) thrown at [./src/hotspot/share/interpreter/linkResolver.cpp, line 773]
Event: 8.044 Thread 0x00000238700ac800 Exception <a 'java/lang/NoSuchMethodError'{0x000000070dbacec0}: 'java.lang.Object java.lang.invoke.DirectMethodHandle$Holder.invokeSpecial(java.lang.Object, java.lang.Object, int, int, java.lang.Object, java.lang.Object, java.lang.Object, java.lang.Object, java.lang.Object)'> (0x000000070dbacec0) thrown at [./src/hotspot/share/interpreter/linkResolver.cpp, line 773]

Events (20 events):
Event: 8.666 loading class org/jetbrains/kotlin/psi2ir/descriptors/IrBuiltInsOverDescriptors$getNonBuiltInFunctionsByExtensionReceiver$1 done
Event: 8.667 loading class org/jetbrains/kotlin/backend/common/ir/BuiltinSymbolsBase$progressionElementTypes$2
Event: 8.667 loading class org/jetbrains/kotlin/backend/common/ir/BuiltinSymbolsBase$progressionElementTypes$2 done
Event: 8.668 loading class org/jetbrains/kotlin/backend/jvm/JvmSymbols$intrinsicsClass$1
Event: 8.668 loading class org/jetbrains/kotlin/backend/jvm/JvmSymbols$intrinsicsClass$1 done
Event: 8.668 loading class org/jetbrains/kotlin/ir/builders/declarations/IrValueParameterBuilder
Event: 8.668 loading class org/jetbrains/kotlin/ir/builders/declarations/IrValueParameterBuilder done
Event: 8.669 loading class org/jetbrains/kotlin/ir/util/IrUtilsKt$special$$inlined$filterIsInstance$1
Event: 8.669 loading class org/jetbrains/kotlin/ir/util/IrUtilsKt$special$$inlined$filterIsInstance$1 done
Event: 8.669 loading class org/jetbrains/kotlin/ir/util/IrUtilsKt$functions$1
Event: 8.669 loading class org/jetbrains/kotlin/ir/util/IrUtilsKt$functions$1 done
Event: 8.670 loading class org/jetbrains/kotlin/backend/jvm/JvmSymbols$stringBuilder$1
Event: 8.670 loading class org/jetbrains/kotlin/backend/jvm/JvmSymbols$stringBuilder$1 done
Event: 8.670 loading class org/jetbrains/kotlin/backend/jvm/JvmSymbolsKt
Event: 8.670 loading class org/jetbrains/kotlin/backend/jvm/JvmSymbolsKt done
Event: 8.670 loading class org/jetbrains/kotlin/ir/declarations/lazy/IrLazyClass$declarations$2$1$1
Event: 8.670 loading class org/jetbrains/kotlin/ir/declarations/lazy/IrLazyClass$declarations$2$1$1 done
Event: 8.671 loading class org/jetbrains/kotlin/ir/declarations/lazy/LazyScopedTypeParametersResolver
Event: 8.671 loading class org/jetbrains/kotlin/ir/declarations/lazy/LazyScopedTypeParametersResolver done
Event: 8.671 Executing VM operation: Deoptimize


Dynamic libraries:
0x00007ff7fc330000 - 0x00007ff7fc33a000 	C:\Program Files\Android\Android Studio\jre\bin\java.exe
0x00007ffcfe990000 - 0x00007ffcfeb88000 	C:\Windows\SYSTEM32\ntdll.dll
0x00007ffcfd3e0000 - 0x00007ffcfd49d000 	C:\Windows\System32\KERNEL32.DLL
0x00007ffcfc280000 - 0x00007ffcfc576000 	C:\Windows\System32\KERNELBASE.dll
0x00007ffcfc710000 - 0x00007ffcfc810000 	C:\Windows\System32\ucrtbase.dll
0x00007ffcf0420000 - 0x00007ffcf0437000 	C:\Program Files\Android\Android Studio\jre\bin\VCRUNTIME140.dll
0x00007ffcf0470000 - 0x00007ffcf0489000 	C:\Program Files\Android\Android Studio\jre\bin\jli.dll
0x00007ffcfe650000 - 0x00007ffcfe7ee000 	C:\Windows\System32\USER32.dll
0x00007ffcfc0f0000 - 0x00007ffcfc112000 	C:\Windows\System32\win32u.dll
0x00007ffcec790000 - 0x00007ffceca2a000 	C:\Windows\WinSxS\amd64_microsoft.windows.common-controls_6595b64144ccf1df_6.0.19041.3636_none_60b6a03d71f818d5\COMCTL32.dll
0x00007ffcfe920000 - 0x00007ffcfe94c000 	C:\Windows\System32\GDI32.dll
0x00007ffcfd2e0000 - 0x00007ffcfd37e000 	C:\Windows\System32\msvcrt.dll
0x00007ffcfc580000 - 0x00007ffcfc69a000 	C:\Windows\System32\gdi32full.dll
0x00007ffcfc810000 - 0x00007ffcfc8ad000 	C:\Windows\System32\msvcp_win.dll
0x00007ffcfce60000 - 0x00007ffcfce90000 	C:\Windows\System32\IMM32.DLL
0x00007ffce0b30000 - 0x00007ffce0bcd000 	C:\Program Files\Android\Android Studio\jre\bin\msvcp140.dll
0x00007ffcb6e10000 - 0x00007ffcb7912000 	C:\Program Files\Android\Android Studio\jre\bin\server\jvm.dll
0x00007ffcfd5e0000 - 0x00007ffcfd68f000 	C:\Windows\System32\ADVAPI32.dll
0x00007ffcfd240000 - 0x00007ffcfd2dc000 	C:\Windows\System32\sechost.dll
0x00007ffcfe7f0000 - 0x00007ffcfe916000 	C:\Windows\System32\RPCRT4.dll
0x00007ffcfdce0000 - 0x00007ffcfdce8000 	C:\Windows\System32\PSAPI.DLL
0x00007ffcf98d0000 - 0x00007ffcf98d9000 	C:\Windows\SYSTEM32\WSOCK32.dll
0x00007ffcfdcf0000 - 0x00007ffcfdd5b000 	C:\Windows\System32\WS2_32.dll
0x00007ffceadf0000 - 0x00007ffceae17000 	C:\Windows\SYSTEM32\WINMM.dll
0x00007ffcefc40000 - 0x00007ffcefc4a000 	C:\Windows\SYSTEM32\VERSION.dll
0x00007ffcf9f50000 - 0x00007ffcf9f62000 	C:\Windows\SYSTEM32\kernel.appcore.dll
0x00007ffcf4ea0000 - 0x00007ffcf4eb1000 	C:\Program Files\Android\Android Studio\jre\bin\verify.dll
0x00007ffce2cb0000 - 0x00007ffce2e94000 	C:\Windows\SYSTEM32\DBGHELP.DLL
0x00007ffce2c70000 - 0x00007ffce2ca4000 	C:\Windows\SYSTEM32\dbgcore.DLL
0x00007ffcfc8b0000 - 0x00007ffcfc932000 	C:\Windows\System32\bcryptPrimitives.dll
0x00007ffcf4e70000 - 0x00007ffcf4e99000 	C:\Program Files\Android\Android Studio\jre\bin\java.dll
0x00007ffcf9830000 - 0x00007ffcf983b000 	C:\Program Files\Android\Android Studio\jre\bin\jimage.dll
0x00007ffcf4e50000 - 0x00007ffcf4e68000 	C:\Program Files\Android\Android Studio\jre\bin\zip.dll
0x00007ffcfdf00000 - 0x00007ffcfe644000 	C:\Windows\System32\SHELL32.dll
0x00007ffcfa150000 - 0x00007ffcfa8eb000 	C:\Windows\SYSTEM32\windows.storage.dll
0x00007ffcfd690000 - 0x00007ffcfd9e4000 	C:\Windows\System32\combase.dll
0x00007ffcfbab0000 - 0x00007ffcfbadd000 	C:\Windows\SYSTEM32\Wldp.dll
0x00007ffcfddc0000 - 0x00007ffcfde6d000 	C:\Windows\System32\SHCORE.dll
0x00007ffcfd380000 - 0x00007ffcfd3d5000 	C:\Windows\System32\shlwapi.dll
0x00007ffcfbfa0000 - 0x00007ffcfbfc5000 	C:\Windows\SYSTEM32\profapi.dll
0x00007ffcf4e30000 - 0x00007ffcf4e4a000 	C:\Program Files\Android\Android Studio\jre\bin\net.dll
0x00007ffcf52d0000 - 0x00007ffcf53da000 	C:\Windows\SYSTEM32\WINHTTP.dll
0x00007ffcfb810000 - 0x00007ffcfb87a000 	C:\Windows\system32\mswsock.dll
0x00007ffcf4e10000 - 0x00007ffcf4e24000 	C:\Program Files\Android\Android Studio\jre\bin\nio.dll

dbghelp: loaded successfully - version: 4.0.5 - missing functions: none
symbol engine: initialized successfully - sym options: 0x614 - pdb path: .;C:\Program Files\Android\Android Studio\jre\bin;C:\Windows\SYSTEM32;C:\Windows\WinSxS\amd64_microsoft.windows.common-controls_6595b64144ccf1df_6.0.19041.3636_none_60b6a03d71f818d5;C:\Program Files\Android\Android Studio\jre\bin\server

VM Arguments:
java_command: org.jetbrains.kotlin.cli.jvm.K2JVMCompiler @C:\Users\Admin\StudioProjects\meezan360revamp\app\build\20231205_14706806516609442345.compiler.options
java_class_path (initial): C:\Users\Admin\.gradle\caches\modules-2\files-2.1\org.jetbrains.kotlin\kotlin-compiler-embeddable\1.7.20\8db18559a581dd2c36ddfd5046af145650f5b126\kotlin-compiler-embeddable-1.7.20.jar;C:\Users\Admin\.gradle\caches\modules-2\files-2.1\org.jetbrains.kotlin\kotlin-reflect\1.7.20\12b2501e33bb6373e8e347c86d85481863629381\kotlin-reflect-1.7.20.jar;C:\Users\Admin\.gradle\caches\modules-2\files-2.1\org.jetbrains.kotlin\kotlin-stdlib\1.7.20\726594ea9ba2beb2ee113647fefa9a10f9fabe52\kotlin-stdlib-1.7.20.jar;C:\Users\Admin\.gradle\caches\modules-2\files-2.1\org.jetbrains.kotlin\kotlin-script-runtime\1.7.20\bcd1cc6f865e632550357fcc59f5ffd532615a8\kotlin-script-runtime-1.7.20.jar;C:\Users\Admin\.gradle\caches\modules-2\files-2.1\org.jetbrains.kotlin\kotlin-daemon-embeddable\1.7.20\1e24355adad8d529d75d5b19eab55484057431ba\kotlin-daemon-embeddable-1.7.20.jar;C:\Users\Admin\.gradle\caches\modules-2\files-2.1\org.jetbrains.intellij.deps\trove4j\1.0.20200330\3afb14d5f9ceb459d724e907a21145e8ff394f02\trove4j-1.0.20200330.jar;C:\Users\Admin\.gradle\caches\modules-2\files-2.1\net.java.dev.jna\jna\5.6.0\330f2244e9030119ab3030fc3fededc86713d9cc\jna-5.6.0.jar;C:\Users\Admin\.gradle\caches\modules-2\files-2.1\org.jetbrains.kotlin\kotlin-stdlib-common\1.7.20\e15351bdaf9fa06f009be5da7a202e4184f00ae3\kotlin-stdlib-common-1.7.20.jar;C:\Users\Admin\.gradle\caches\modules-2\files-2.1\org.jetbrains\annotations\13.0\919f0dfe192fb4e063e7dacadee7f8bb9a2672a9\annotations-13.0.jar
Launcher Type: SUN_STANDARD

[Global flags]
     intx CICompilerCount                          = 3                                         {product} {ergonomic}
     uint ConcGCThreads                            = 1                                         {product} {ergonomic}
     uint G1ConcRefinementThreads                  = 4                                         {product} {ergonomic}
   size_t G1HeapRegionSize                         = 1048576                                   {product} {ergonomic}
    uintx GCDrainStackTargetSize                   = 64                                        {product} {ergonomic}
   size_t InitialHeapSize                          = 268435456                                 {product} {ergonomic}
   size_t MarkStackSize                            = 4194304                                   {product} {ergonomic}
   size_t MaxHeapSize                              = 4273995776                                {product} {ergonomic}
   size_t MaxNewSize                               = 2563768320                                {product} {ergonomic}
   size_t MinHeapDeltaBytes                        = 1048576                                   {product} {ergonomic}
    uintx NonNMethodCodeHeapSize                   = 5830732                                {pd product} {ergonomic}
    uintx NonProfiledCodeHeapSize                  = 122913754                              {pd product} {ergonomic}
    uintx ProfiledCodeHeapSize                     = 122913754                              {pd product} {ergonomic}
    uintx ReservedCodeCacheSize                    = 251658240                              {pd product} {ergonomic}
     bool SegmentedCodeCache                       = true                                      {product} {ergonomic}
     bool UseCompressedClassPointers               = true                                 {lp64_product} {ergonomic}
     bool UseCompressedOops                        = true                                 {lp64_product} {ergonomic}
     bool UseG1GC                                  = true                                      {product} {ergonomic}
     bool UseLargePagesIndividualAllocation        = false                                  {pd product} {ergonomic}

Logging:
Log output configuration:
 #0: stdout all=warning uptime,level,tags
 #1: stderr all=off uptime,level,tags

Environment Variables:
PATH=C:\Users\Admin\AppData\Local\Microsoft\WindowsApps;C:\Program Files\Git\cmd;C:\MinGW\bin;C:\src\flutter\bin;C:\Users\Admin\Downloads\platform-tools_r34.0.4-windows\platform-tools_r34.0.4-windows\platform-tools;C:\Users\Admin\AppData\Local\Programs\Python\Python310\Scripts\;C:\Users\Admin\AppData\Local\Programs\Python\Python310\;C:\Users\Admin\AppData\Local\Microsoft\WindowsApps;C:\Users\Admin\Documents\flutter_windows_3.3.3-stable\flutter\bin;C:\Program Files\Git\bin\git.exe;C:\Program Files\Git\git-cmd.exe;C:\Windows\System32;C:\Program Files\Git\cmd;C:\Users\Admin\Documents\flutter_windows_3.3.3-stable\flutter;C:\Windows\System32;C:\Program Files\Git\cmd\git.exe;C:\Windows\System32\WindowsPowerShell\v1.0;C:\src\flutter\bin;
USERNAME=Admin
OS=Windows_NT
PROCESSOR_IDENTIFIER=Intel64 Family 6 Model 60 Stepping 3, GenuineIntel



---------------  S Y S T E M  ---------------

OS: Windows 10 , 64 bit Build 19041 (10.0.19041.3636)
OS uptime: 0 days 18:15 hours

CPU:total 4 (initial active 4) (4 cores per cpu, 1 threads per core) family 6 model 60 stepping 3 microcode 0x27, cmov, cx8, fxsr, mmx, sse, sse2, sse3, ssse3, sse4.1, sse4.2, popcnt, avx, avx2, aes, clmul, erms, lzcnt, tsc, tscinvbit, bmi1, bmi2, fma

Memory: 4k page, system-wide physical 16298M (483M free)
TotalPageFile size 44844M (AvailPageFile size 5M)
current process WorkingSet (physical memory assigned to process): 407M, peak: 407M
current process commit charge ("private bytes"): 560M, peak: 561M

vm_info: OpenJDK 64-Bit Server VM (11.0.13+0-b1751.21-8125866) for windows-amd64 JRE (11.0.13+0-b1751.21-8125866), built on Feb  2 2022 03:00:22 by "builder" with MS VC++ 14.0 (VS2015)

END.
