#
# There is insufficient memory for the Java Runtime Environment to continue.
# Native memory allocation (malloc) failed to allocate 1735536 bytes for Chunk::new
# Possible reasons:
#   The system is out of physical RAM or swap space
#   The process is running with CompressedOops enabled, and the Java Heap may be blocking the growth of the native heap
# Possible solutions:
#   Reduce memory load on the system
#   Increase physical memory or swap space
#   Check if swap backing store is full
#   Decrease Java heap size (-Xmx/-Xms)
#   Decrease number of Java threads
#   Decrease Java thread stack sizes (-Xss)
#   Set larger code cache with -XX:ReservedCodeCacheSize=
#   JVM is running with Zero Based Compressed Oops mode in which the Java heap is
#     placed in the first 32GB address space. The Java Heap base address is the
#     maximum limit for the native heap growth. Please use -XX:HeapBaseMinAddress
#     to set the Java Heap base and to place the Java Heap above 32GB virtual address.
# This output file may be truncated or incomplete.
#
#  Out of Memory Error (./src/hotspot/share/memory/arena.cpp:197), pid=12372, tid=7908
#
# JRE version: OpenJDK Runtime Environment (11.0.13) (build 11.0.13+0-b1751.21-8125866)
# Java VM: OpenJDK 64-Bit Server VM (11.0.13+0-b1751.21-8125866, mixed mode, tiered, compressed oops, g1 gc, windows-amd64)
# No core dump will be written. Minidumps are not enabled by default on client versions of Windows
#

---------------  S U M M A R Y ------------

Command Line: org.jetbrains.kotlin.cli.jvm.K2JVMCompiler @C:\Users\Admin\StudioProjects\meezan360revamp\app\build\20231205_1549072233668287651.compiler.options

Host: Intel(R) Core(TM) i5-4690 CPU @ 3.50GHz, 4 cores, 15G,  Windows 10 , 64 bit Build 19041 (10.0.19041.3636)
Time: Tue Dec  5 13:06:34 2023 Pakistan Standard Time elapsed time: 15.729439 seconds (0d 0h 0m 15s)

---------------  T H R E A D  ---------------

Current thread (0x000001edb626b800):  JavaThread "C2 CompilerThread1" daemon [_thread_in_native, id=7908, stack(0x000000affb400000,0x000000affb500000)]


Current CompileTask:
C2:  15729 13820       4       org.jetbrains.kotlin.types.AbstractTypeMapper::mapType (540 bytes)

Stack: [0x000000affb400000,0x000000affb500000]
Native frames: (J=compiled Java code, j=interpreted, Vv=VM code, C=native code)
V  [jvm.dll+0x6100fa]
V  [jvm.dll+0x747090]
V  [jvm.dll+0x7486ad]
V  [jvm.dll+0x748d83]
V  [jvm.dll+0x24ab48]
V  [jvm.dll+0xc04dc]
V  [jvm.dll+0xc0a0c]
V  [jvm.dll+0x35eb9d]
V  [jvm.dll+0x32b833]
V  [jvm.dll+0x32ad2a]
V  [jvm.dll+0x2032b2]
V  [jvm.dll+0x202437]
V  [jvm.dll+0x188e01]
V  [jvm.dll+0x21106b]
V  [jvm.dll+0x20f8c1]
V  [jvm.dll+0x70de0f]
V  [jvm.dll+0x706a75]
V  [jvm.dll+0x60ed66]
C  [ucrtbase.dll+0x21bb2]
C  [KERNEL32.DLL+0x17344]
C  [ntdll.dll+0x526b1]


---------------  P R O C E S S  ---------------

Threads class SMR info:
_java_thread_list=0x000001edb60ec810, length=11, elements={
0x000001ed9517c000, 0x000001edb419a800, 0x000001edb419b800, 0x000001edb41b6800,
0x000001edb41b8800, 0x000001edb41ba000, 0x000001edb41c0000, 0x000001edb4202800,
0x000001edb4271800, 0x000001edb437c800, 0x000001edb626b800
}

Java Threads: ( => current thread )
  0x000001ed9517c000 JavaThread "main" [_thread_in_Java, id=1224, stack(0x000000affa300000,0x000000affa400000)]
  0x000001edb419a800 JavaThread "Reference Handler" daemon [_thread_blocked, id=9984, stack(0x000000affaa00000,0x000000affab00000)]
  0x000001edb419b800 JavaThread "Finalizer" daemon [_thread_blocked, id=6936, stack(0x000000affab00000,0x000000affac00000)]
  0x000001edb41b6800 JavaThread "Signal Dispatcher" daemon [_thread_blocked, id=8056, stack(0x000000affac00000,0x000000affad00000)]
  0x000001edb41b8800 JavaThread "Attach Listener" daemon [_thread_blocked, id=10004, stack(0x000000affad00000,0x000000affae00000)]
  0x000001edb41ba000 JavaThread "Service Thread" daemon [_thread_blocked, id=6460, stack(0x000000affae00000,0x000000affaf00000)]
  0x000001edb41c0000 JavaThread "C2 CompilerThread0" daemon [_thread_in_native, id=6980, stack(0x000000affaf00000,0x000000affb000000)]
  0x000001edb4202800 JavaThread "C1 CompilerThread0" daemon [_thread_blocked, id=10188, stack(0x000000affb000000,0x000000affb100000)]
  0x000001edb4271800 JavaThread "Sweeper thread" daemon [_thread_blocked, id=1108, stack(0x000000affb100000,0x000000affb200000)]
  0x000001edb437c800 JavaThread "Common-Cleaner" daemon [_thread_blocked, id=19296, stack(0x000000affb300000,0x000000affb400000)]
=>0x000001edb626b800 JavaThread "C2 CompilerThread1" daemon [_thread_in_native, id=7908, stack(0x000000affb400000,0x000000affb500000)]

Other Threads:
  0x000001edb4174800 VMThread "VM Thread" [stack: 0x000000affa900000,0x000000affaa00000] [id=9092]
  0x000001edb4373800 WatcherThread [stack: 0x000000affb200000,0x000000affb300000] [id=5616]
  0x000001ed95193800 GCTaskThread "GC Thread#0" [stack: 0x000000affa400000,0x000000affa500000] [id=7564]
  0x000001edb484e800 GCTaskThread "GC Thread#1" [stack: 0x000000affb500000,0x000000affb600000] [id=1252]
  0x000001edb4874800 GCTaskThread "GC Thread#2" [stack: 0x000000affb600000,0x000000affb700000] [id=7004]
  0x000001edb4875000 GCTaskThread "GC Thread#3" [stack: 0x000000affb700000,0x000000affb800000] [id=6152]
  0x000001ed951ef000 ConcurrentGCThread "G1 Main Marker" [stack: 0x000000affa500000,0x000000affa600000] [id=6252]
  0x000001ed951f1800 ConcurrentGCThread "G1 Conc#0" [stack: 0x000000affa600000,0x000000affa700000] [id=8528]
  0x000001edb37d2800 ConcurrentGCThread "G1 Refine#0" [stack: 0x000000affa700000,0x000000affa800000] [id=11052]
  0x000001edb9308800 ConcurrentGCThread "G1 Refine#1" [stack: 0x000000affb800000,0x000000affb900000] [id=11704]
  0x000001edb917b000 ConcurrentGCThread "G1 Refine#2" [stack: 0x000000affb900000,0x000000affba00000] [id=11924]
  0x000001edb37d3000 ConcurrentGCThread "G1 Young RemSet Sampling" [stack: 0x000000affa800000,0x000000affa900000] [id=4288]

Threads with active compile tasks:
C2 CompilerThread0  15755 13904       4       org.jetbrains.kotlin.backend.jvm.mapping.MethodSignatureMapper::mapReturnType (161 bytes)
C2 CompilerThread1  15755 13820       4       org.jetbrains.kotlin.types.AbstractTypeMapper::mapType (540 bytes)

VM state:not at safepoint (normal execution)

VM Mutex/Monitor currently owned by a thread: None

Heap address: 0x0000000701400000, size: 4076 MB, Compressed Oops mode: Zero based, Oop shift amount: 3
Narrow klass base: 0x0000000800000000, Narrow klass shift: 0
Compressed class space size: 1073741824 Address: 0x0000000800000000

Heap:
 garbage-first heap   total 315392K, used 211968K [0x0000000701400000, 0x0000000800000000)
  region size 1024K, 157 young (160768K), 15 survivors (15360K)
 Metaspace       used 88204K, capacity 89046K, committed 89324K, reserved 1128448K
  class space    used 9317K, capacity 9684K, committed 9760K, reserved 1048576K
Heap Regions: E=young(eden), S=young(survivor), O=old, HS=humongous(starts), HC=humongous(continues), CS=collection set, F=free, A=archive, TAMS=top-at-mark-start (previous, next)
|   0|0x0000000701400000, 0x0000000701500000, 0x0000000701500000|100%|HS|  |TAMS 0x0000000701500000, 0x0000000701400000| Complete 
|   1|0x0000000701500000, 0x0000000701600000, 0x0000000701600000|100%|HC|  |TAMS 0x0000000701600000, 0x0000000701500000| Complete 
|   2|0x0000000701600000, 0x0000000701700000, 0x0000000701700000|100%|HC|  |TAMS 0x0000000701700000, 0x0000000701600000| Complete 
|   3|0x0000000701700000, 0x0000000701800000, 0x0000000701800000|100%|HC|  |TAMS 0x0000000701800000, 0x0000000701700000| Complete 
|   4|0x0000000701800000, 0x0000000701900000, 0x0000000701900000|100%| O|  |TAMS 0x0000000701900000, 0x0000000701800000| Untracked 
|   5|0x0000000701900000, 0x0000000701a00000, 0x0000000701a00000|100%| O|  |TAMS 0x0000000701a00000, 0x0000000701900000| Untracked 
|   6|0x0000000701a00000, 0x0000000701b00000, 0x0000000701b00000|100%|HS|  |TAMS 0x0000000701b00000, 0x0000000701a00000| Complete 
|   7|0x0000000701b00000, 0x0000000701c00000, 0x0000000701c00000|100%|HC|  |TAMS 0x0000000701c00000, 0x0000000701b00000| Complete 
|   8|0x0000000701c00000, 0x0000000701d00000, 0x0000000701d00000|100%|HC|  |TAMS 0x0000000701d00000, 0x0000000701c00000| Complete 
|   9|0x0000000701d00000, 0x0000000701e00000, 0x0000000701e00000|100%|HC|  |TAMS 0x0000000701e00000, 0x0000000701d00000| Complete 
|  10|0x0000000701e00000, 0x0000000701f00000, 0x0000000701f00000|100%| O|  |TAMS 0x0000000701f00000, 0x0000000701e00000| Untracked 
|  11|0x0000000701f00000, 0x0000000702000000, 0x0000000702000000|100%| O|  |TAMS 0x0000000702000000, 0x0000000701f00000| Untracked 
|  12|0x0000000702000000, 0x0000000702100000, 0x0000000702100000|100%| O|  |TAMS 0x0000000702100000, 0x0000000702000000| Untracked 
|  13|0x0000000702100000, 0x0000000702200000, 0x0000000702200000|100%| O|  |TAMS 0x0000000702200000, 0x0000000702100000| Untracked 
|  14|0x0000000702200000, 0x0000000702300000, 0x0000000702300000|100%| O|  |TAMS 0x0000000702300000, 0x0000000702200000| Untracked 
|  15|0x0000000702300000, 0x0000000702400000, 0x0000000702400000|100%| O|  |TAMS 0x0000000702400000, 0x0000000702300000| Untracked 
|  16|0x0000000702400000, 0x0000000702500000, 0x0000000702500000|100%| O|  |TAMS 0x0000000702500000, 0x0000000702400000| Untracked 
|  17|0x0000000702500000, 0x0000000702600000, 0x0000000702600000|100%| O|  |TAMS 0x0000000702600000, 0x0000000702500000| Untracked 
|  18|0x0000000702600000, 0x0000000702700000, 0x0000000702700000|100%| O|  |TAMS 0x0000000702700000, 0x0000000702600000| Untracked 
|  19|0x0000000702700000, 0x0000000702800000, 0x0000000702800000|100%| O|  |TAMS 0x0000000702800000, 0x0000000702700000| Untracked 
|  20|0x0000000702800000, 0x0000000702900000, 0x0000000702900000|100%| O|  |TAMS 0x0000000702900000, 0x0000000702800000| Untracked 
|  21|0x0000000702900000, 0x0000000702a00000, 0x0000000702a00000|100%| O|  |TAMS 0x0000000702a00000, 0x0000000702900000| Untracked 
|  22|0x0000000702a00000, 0x0000000702b00000, 0x0000000702b00000|100%| O|  |TAMS 0x0000000702b00000, 0x0000000702a00000| Untracked 
|  23|0x0000000702b00000, 0x0000000702c00000, 0x0000000702c00000|100%| O|  |TAMS 0x0000000702c00000, 0x0000000702b00000| Untracked 
|  24|0x0000000702c00000, 0x0000000702d00000, 0x0000000702d00000|100%|HS|  |TAMS 0x0000000702d00000, 0x0000000702c00000| Complete 
|  25|0x0000000702d00000, 0x0000000702e00000, 0x0000000702e00000|100%|HC|  |TAMS 0x0000000702e00000, 0x0000000702d00000| Complete 
|  26|0x0000000702e00000, 0x0000000702f00000, 0x0000000702f00000|100%| O|  |TAMS 0x0000000702f00000, 0x0000000702e00000| Untracked 
|  27|0x0000000702f00000, 0x0000000703000000, 0x0000000703000000|100%| O|  |TAMS 0x0000000703000000, 0x0000000702f00000| Untracked 
|  28|0x0000000703000000, 0x0000000703100000, 0x0000000703100000|100%| O|  |TAMS 0x0000000703100000, 0x0000000703000000| Untracked 
|  29|0x0000000703100000, 0x0000000703200000, 0x0000000703200000|100%| O|  |TAMS 0x0000000703200000, 0x0000000703100000| Untracked 
|  30|0x0000000703200000, 0x0000000703300000, 0x0000000703300000|100%| O|  |TAMS 0x0000000703300000, 0x0000000703200000| Untracked 
|  31|0x0000000703300000, 0x0000000703400000, 0x0000000703400000|100%| O|  |TAMS 0x0000000703400000, 0x0000000703300000| Untracked 
|  32|0x0000000703400000, 0x0000000703500000, 0x0000000703500000|100%| O|  |TAMS 0x0000000703500000, 0x0000000703400000| Untracked 
|  33|0x0000000703500000, 0x0000000703600000, 0x0000000703600000|100%| O|  |TAMS 0x0000000703600000, 0x0000000703500000| Untracked 
|  34|0x0000000703600000, 0x0000000703700000, 0x0000000703700000|100%| O|  |TAMS 0x0000000703700000, 0x0000000703600000| Untracked 
|  35|0x0000000703700000, 0x0000000703800000, 0x0000000703800000|100%| O|  |TAMS 0x0000000703800000, 0x0000000703700000| Untracked 
|  36|0x0000000703800000, 0x0000000703900000, 0x0000000703900000|100%| O|  |TAMS 0x0000000703900000, 0x0000000703800000| Untracked 
|  37|0x0000000703900000, 0x0000000703a00000, 0x0000000703a00000|100%| O|  |TAMS 0x0000000703a00000, 0x0000000703900000| Untracked 
|  38|0x0000000703a00000, 0x0000000703b00000, 0x0000000703b00000|100%| O|  |TAMS 0x0000000703b00000, 0x0000000703a00000| Untracked 
|  39|0x0000000703b00000, 0x0000000703c00000, 0x0000000703c00000|100%| O|  |TAMS 0x0000000703c00000, 0x0000000703b00000| Untracked 
|  40|0x0000000703c00000, 0x0000000703d00000, 0x0000000703d00000|100%| O|  |TAMS 0x0000000703d00000, 0x0000000703c00000| Untracked 
|  41|0x0000000703d00000, 0x0000000703e00000, 0x0000000703e00000|100%| O|  |TAMS 0x0000000703e00000, 0x0000000703d00000| Untracked 
|  42|0x0000000703e00000, 0x0000000703f00000, 0x0000000703f00000|100%| O|  |TAMS 0x0000000703f00000, 0x0000000703e00000| Untracked 
|  43|0x0000000703f00000, 0x0000000704000000, 0x0000000704000000|100%| O|  |TAMS 0x0000000704000000, 0x0000000703f00000| Untracked 
|  44|0x0000000704000000, 0x0000000704100000, 0x0000000704100000|100%| O|  |TAMS 0x0000000704100000, 0x0000000704000000| Untracked 
|  45|0x0000000704100000, 0x0000000704200000, 0x0000000704200000|100%| O|  |TAMS 0x0000000704200000, 0x0000000704100000| Untracked 
|  46|0x0000000704200000, 0x0000000704300000, 0x0000000704300000|100%| O|  |TAMS 0x0000000704300000, 0x0000000704200000| Untracked 
|  47|0x0000000704300000, 0x0000000704400000, 0x0000000704400000|100%| O|  |TAMS 0x0000000704400000, 0x0000000704300000| Untracked 
|  48|0x0000000704400000, 0x0000000704500000, 0x0000000704500000|100%| O|  |TAMS 0x0000000704500000, 0x0000000704400000| Untracked 
|  49|0x0000000704500000, 0x0000000704600000, 0x0000000704600000|100%| O|  |TAMS 0x0000000704600000, 0x0000000704500000| Untracked 
|  50|0x0000000704600000, 0x0000000704700000, 0x0000000704700000|100%| O|  |TAMS 0x0000000704700000, 0x0000000704600000| Untracked 
|  51|0x0000000704700000, 0x0000000704800000, 0x0000000704800000|100%| O|  |TAMS 0x0000000704800000, 0x0000000704700000| Untracked 
|  52|0x0000000704800000, 0x0000000704800000, 0x0000000704900000|  0%| F|  |TAMS 0x0000000704800000, 0x0000000704800000| Untracked 
|  53|0x0000000704900000, 0x0000000704900000, 0x0000000704a00000|  0%| F|  |TAMS 0x0000000704900000, 0x0000000704900000| Untracked 
|  54|0x0000000704a00000, 0x0000000704a00000, 0x0000000704b00000|  0%| F|  |TAMS 0x0000000704a00000, 0x0000000704a00000| Untracked 
|  55|0x0000000704b00000, 0x0000000704b00000, 0x0000000704c00000|  0%| F|  |TAMS 0x0000000704b00000, 0x0000000704b00000| Untracked 
|  56|0x0000000704c00000, 0x0000000704c00000, 0x0000000704d00000|  0%| F|  |TAMS 0x0000000704c00000, 0x0000000704c00000| Untracked 
|  57|0x0000000704d00000, 0x0000000704d00000, 0x0000000704e00000|  0%| F|  |TAMS 0x0000000704d00000, 0x0000000704d00000| Untracked 
|  58|0x0000000704e00000, 0x0000000704e00000, 0x0000000704f00000|  0%| F|  |TAMS 0x0000000704e00000, 0x0000000704e00000| Untracked 
|  59|0x0000000704f00000, 0x0000000704f00000, 0x0000000705000000|  0%| F|  |TAMS 0x0000000704f00000, 0x0000000704f00000| Untracked 
|  60|0x0000000705000000, 0x0000000705000000, 0x0000000705100000|  0%| F|  |TAMS 0x0000000705000000, 0x0000000705000000| Untracked 
|  61|0x0000000705100000, 0x0000000705100000, 0x0000000705200000|  0%| F|  |TAMS 0x0000000705100000, 0x0000000705100000| Untracked 
|  62|0x0000000705200000, 0x0000000705200000, 0x0000000705300000|  0%| F|  |TAMS 0x0000000705200000, 0x0000000705200000| Untracked 
|  63|0x0000000705300000, 0x0000000705300000, 0x0000000705400000|  0%| F|  |TAMS 0x0000000705300000, 0x0000000705300000| Untracked 
|  64|0x0000000705400000, 0x0000000705400000, 0x0000000705500000|  0%| F|  |TAMS 0x0000000705400000, 0x0000000705400000| Untracked 
|  65|0x0000000705500000, 0x0000000705500000, 0x0000000705600000|  0%| F|  |TAMS 0x0000000705500000, 0x0000000705500000| Untracked 
|  66|0x0000000705600000, 0x0000000705600000, 0x0000000705700000|  0%| F|  |TAMS 0x0000000705600000, 0x0000000705600000| Untracked 
|  67|0x0000000705700000, 0x0000000705700000, 0x0000000705800000|  0%| F|  |TAMS 0x0000000705700000, 0x0000000705700000| Untracked 
|  68|0x0000000705800000, 0x0000000705800000, 0x0000000705900000|  0%| F|  |TAMS 0x0000000705800000, 0x0000000705800000| Untracked 
|  69|0x0000000705900000, 0x0000000705900000, 0x0000000705a00000|  0%| F|  |TAMS 0x0000000705900000, 0x0000000705900000| Untracked 
|  70|0x0000000705a00000, 0x0000000705a00000, 0x0000000705b00000|  0%| F|  |TAMS 0x0000000705a00000, 0x0000000705a00000| Untracked 
|  71|0x0000000705b00000, 0x0000000705b00000, 0x0000000705c00000|  0%| F|  |TAMS 0x0000000705b00000, 0x0000000705b00000| Untracked 
|  72|0x0000000705c00000, 0x0000000705c00000, 0x0000000705d00000|  0%| F|  |TAMS 0x0000000705c00000, 0x0000000705c00000| Untracked 
|  73|0x0000000705d00000, 0x0000000705d00000, 0x0000000705e00000|  0%| F|  |TAMS 0x0000000705d00000, 0x0000000705d00000| Untracked 
|  74|0x0000000705e00000, 0x0000000705e00000, 0x0000000705f00000|  0%| F|  |TAMS 0x0000000705e00000, 0x0000000705e00000| Untracked 
|  75|0x0000000705f00000, 0x0000000705f00000, 0x0000000706000000|  0%| F|  |TAMS 0x0000000705f00000, 0x0000000705f00000| Untracked 
|  76|0x0000000706000000, 0x0000000706000000, 0x0000000706100000|  0%| F|  |TAMS 0x0000000706000000, 0x0000000706000000| Untracked 
|  77|0x0000000706100000, 0x0000000706100000, 0x0000000706200000|  0%| F|  |TAMS 0x0000000706100000, 0x0000000706100000| Untracked 
|  78|0x0000000706200000, 0x0000000706200000, 0x0000000706300000|  0%| F|  |TAMS 0x0000000706200000, 0x0000000706200000| Untracked 
|  79|0x0000000706300000, 0x0000000706300000, 0x0000000706400000|  0%| F|  |TAMS 0x0000000706300000, 0x0000000706300000| Untracked 
|  80|0x0000000706400000, 0x0000000706400000, 0x0000000706500000|  0%| F|  |TAMS 0x0000000706400000, 0x0000000706400000| Untracked 
|  81|0x0000000706500000, 0x0000000706500000, 0x0000000706600000|  0%| F|  |TAMS 0x0000000706500000, 0x0000000706500000| Untracked 
|  82|0x0000000706600000, 0x0000000706600000, 0x0000000706700000|  0%| F|  |TAMS 0x0000000706600000, 0x0000000706600000| Untracked 
|  83|0x0000000706700000, 0x0000000706700000, 0x0000000706800000|  0%| F|  |TAMS 0x0000000706700000, 0x0000000706700000| Untracked 
|  84|0x0000000706800000, 0x0000000706800000, 0x0000000706900000|  0%| F|  |TAMS 0x0000000706800000, 0x0000000706800000| Untracked 
|  85|0x0000000706900000, 0x0000000706900000, 0x0000000706a00000|  0%| F|  |TAMS 0x0000000706900000, 0x0000000706900000| Untracked 
|  86|0x0000000706a00000, 0x0000000706a00000, 0x0000000706b00000|  0%| F|  |TAMS 0x0000000706a00000, 0x0000000706a00000| Untracked 
|  87|0x0000000706b00000, 0x0000000706b00000, 0x0000000706c00000|  0%| F|  |TAMS 0x0000000706b00000, 0x0000000706b00000| Untracked 
|  88|0x0000000706c00000, 0x0000000706c00000, 0x0000000706d00000|  0%| F|  |TAMS 0x0000000706c00000, 0x0000000706c00000| Untracked 
|  89|0x0000000706d00000, 0x0000000706d00000, 0x0000000706e00000|  0%| F|  |TAMS 0x0000000706d00000, 0x0000000706d00000| Untracked 
|  90|0x0000000706e00000, 0x0000000706e00000, 0x0000000706f00000|  0%| F|  |TAMS 0x0000000706e00000, 0x0000000706e00000| Untracked 
|  91|0x0000000706f00000, 0x0000000706f00000, 0x0000000707000000|  0%| F|  |TAMS 0x0000000706f00000, 0x0000000706f00000| Untracked 
|  92|0x0000000707000000, 0x0000000707000000, 0x0000000707100000|  0%| F|  |TAMS 0x0000000707000000, 0x0000000707000000| Untracked 
|  93|0x0000000707100000, 0x0000000707100000, 0x0000000707200000|  0%| F|  |TAMS 0x0000000707100000, 0x0000000707100000| Untracked 
|  94|0x0000000707200000, 0x0000000707200000, 0x0000000707300000|  0%| F|  |TAMS 0x0000000707200000, 0x0000000707200000| Untracked 
|  95|0x0000000707300000, 0x0000000707300000, 0x0000000707400000|  0%| F|  |TAMS 0x0000000707300000, 0x0000000707300000| Untracked 
|  96|0x0000000707400000, 0x0000000707400000, 0x0000000707500000|  0%| F|  |TAMS 0x0000000707400000, 0x0000000707400000| Untracked 
|  97|0x0000000707500000, 0x0000000707500000, 0x0000000707600000|  0%| F|  |TAMS 0x0000000707500000, 0x0000000707500000| Untracked 
|  98|0x0000000707600000, 0x0000000707600000, 0x0000000707700000|  0%| F|  |TAMS 0x0000000707600000, 0x0000000707600000| Untracked 
|  99|0x0000000707700000, 0x0000000707700000, 0x0000000707800000|  0%| F|  |TAMS 0x0000000707700000, 0x0000000707700000| Untracked 
| 100|0x0000000707800000, 0x0000000707800000, 0x0000000707900000|  0%| F|  |TAMS 0x0000000707800000, 0x0000000707800000| Untracked 
| 101|0x0000000707900000, 0x0000000707900000, 0x0000000707a00000|  0%| F|  |TAMS 0x0000000707900000, 0x0000000707900000| Untracked 
| 102|0x0000000707a00000, 0x0000000707a00000, 0x0000000707b00000|  0%| F|  |TAMS 0x0000000707a00000, 0x0000000707a00000| Untracked 
| 103|0x0000000707b00000, 0x0000000707b00000, 0x0000000707c00000|  0%| F|  |TAMS 0x0000000707b00000, 0x0000000707b00000| Untracked 
| 104|0x0000000707c00000, 0x0000000707c00000, 0x0000000707d00000|  0%| F|  |TAMS 0x0000000707c00000, 0x0000000707c00000| Untracked 
| 105|0x0000000707d00000, 0x0000000707d00000, 0x0000000707e00000|  0%| F|  |TAMS 0x0000000707d00000, 0x0000000707d00000| Untracked 
| 106|0x0000000707e00000, 0x0000000707e00000, 0x0000000707f00000|  0%| F|  |TAMS 0x0000000707e00000, 0x0000000707e00000| Untracked 
| 107|0x0000000707f00000, 0x0000000707f00000, 0x0000000708000000|  0%| F|  |TAMS 0x0000000707f00000, 0x0000000707f00000| Untracked 
| 108|0x0000000708000000, 0x0000000708000000, 0x0000000708100000|  0%| F|  |TAMS 0x0000000708000000, 0x0000000708000000| Untracked 
| 109|0x0000000708100000, 0x0000000708100000, 0x0000000708200000|  0%| F|  |TAMS 0x0000000708100000, 0x0000000708100000| Untracked 
| 110|0x0000000708200000, 0x0000000708200000, 0x0000000708300000|  0%| F|  |TAMS 0x0000000708200000, 0x0000000708200000| Untracked 
| 111|0x0000000708300000, 0x0000000708300000, 0x0000000708400000|  0%| F|  |TAMS 0x0000000708300000, 0x0000000708300000| Untracked 
| 112|0x0000000708400000, 0x0000000708400000, 0x0000000708500000|  0%| F|  |TAMS 0x0000000708400000, 0x0000000708400000| Untracked 
| 113|0x0000000708500000, 0x0000000708500000, 0x0000000708600000|  0%| F|  |TAMS 0x0000000708500000, 0x0000000708500000| Untracked 
| 114|0x0000000708600000, 0x0000000708600000, 0x0000000708700000|  0%| F|  |TAMS 0x0000000708600000, 0x0000000708600000| Untracked 
| 115|0x0000000708700000, 0x0000000708700000, 0x0000000708800000|  0%| F|  |TAMS 0x0000000708700000, 0x0000000708700000| Untracked 
| 116|0x0000000708800000, 0x0000000708800000, 0x0000000708900000|  0%| F|  |TAMS 0x0000000708800000, 0x0000000708800000| Untracked 
| 117|0x0000000708900000, 0x0000000708900000, 0x0000000708a00000|  0%| F|  |TAMS 0x0000000708900000, 0x0000000708900000| Untracked 
| 118|0x0000000708a00000, 0x0000000708a00000, 0x0000000708b00000|  0%| F|  |TAMS 0x0000000708a00000, 0x0000000708a00000| Untracked 
| 119|0x0000000708b00000, 0x0000000708b00000, 0x0000000708c00000|  0%| F|  |TAMS 0x0000000708b00000, 0x0000000708b00000| Untracked 
| 120|0x0000000708c00000, 0x0000000708c00000, 0x0000000708d00000|  0%| F|  |TAMS 0x0000000708c00000, 0x0000000708c00000| Untracked 
| 121|0x0000000708d00000, 0x0000000708d00000, 0x0000000708e00000|  0%| F|  |TAMS 0x0000000708d00000, 0x0000000708d00000| Untracked 
| 122|0x0000000708e00000, 0x0000000708e00000, 0x0000000708f00000|  0%| F|  |TAMS 0x0000000708e00000, 0x0000000708e00000| Untracked 
| 123|0x0000000708f00000, 0x0000000708f00000, 0x0000000709000000|  0%| F|  |TAMS 0x0000000708f00000, 0x0000000708f00000| Untracked 
| 124|0x0000000709000000, 0x0000000709000000, 0x0000000709100000|  0%| F|  |TAMS 0x0000000709000000, 0x0000000709000000| Untracked 
| 125|0x0000000709100000, 0x0000000709100000, 0x0000000709200000|  0%| F|  |TAMS 0x0000000709100000, 0x0000000709100000| Untracked 
| 126|0x0000000709200000, 0x0000000709200000, 0x0000000709300000|  0%| F|  |TAMS 0x0000000709200000, 0x0000000709200000| Untracked 
| 127|0x0000000709300000, 0x0000000709300000, 0x0000000709400000|  0%| F|  |TAMS 0x0000000709300000, 0x0000000709300000| Untracked 
| 128|0x0000000709400000, 0x0000000709400000, 0x0000000709500000|  0%| F|  |TAMS 0x0000000709400000, 0x0000000709400000| Untracked 
| 129|0x0000000709500000, 0x0000000709500000, 0x0000000709600000|  0%| F|  |TAMS 0x0000000709500000, 0x0000000709500000| Untracked 
| 130|0x0000000709600000, 0x0000000709600000, 0x0000000709700000|  0%| F|  |TAMS 0x0000000709600000, 0x0000000709600000| Untracked 
| 131|0x0000000709700000, 0x0000000709700000, 0x0000000709800000|  0%| F|  |TAMS 0x0000000709700000, 0x0000000709700000| Untracked 
| 132|0x0000000709800000, 0x0000000709800000, 0x0000000709900000|  0%| F|  |TAMS 0x0000000709800000, 0x0000000709800000| Untracked 
| 133|0x0000000709900000, 0x0000000709900000, 0x0000000709a00000|  0%| F|  |TAMS 0x0000000709900000, 0x0000000709900000| Untracked 
| 134|0x0000000709a00000, 0x0000000709a00000, 0x0000000709b00000|  0%| F|  |TAMS 0x0000000709a00000, 0x0000000709a00000| Untracked 
| 135|0x0000000709b00000, 0x0000000709b00000, 0x0000000709c00000|  0%| F|  |TAMS 0x0000000709b00000, 0x0000000709b00000| Untracked 
| 136|0x0000000709c00000, 0x0000000709c00000, 0x0000000709d00000|  0%| F|  |TAMS 0x0000000709c00000, 0x0000000709c00000| Untracked 
| 137|0x0000000709d00000, 0x0000000709d00000, 0x0000000709e00000|  0%| F|  |TAMS 0x0000000709d00000, 0x0000000709d00000| Untracked 
| 138|0x0000000709e00000, 0x0000000709e00000, 0x0000000709f00000|  0%| F|  |TAMS 0x0000000709e00000, 0x0000000709e00000| Untracked 
| 139|0x0000000709f00000, 0x0000000709f00000, 0x000000070a000000|  0%| F|  |TAMS 0x0000000709f00000, 0x0000000709f00000| Untracked 
| 140|0x000000070a000000, 0x000000070a000000, 0x000000070a100000|  0%| F|  |TAMS 0x000000070a000000, 0x000000070a000000| Untracked 
| 141|0x000000070a100000, 0x000000070a100000, 0x000000070a200000|  0%| F|  |TAMS 0x000000070a100000, 0x000000070a100000| Untracked 
| 142|0x000000070a200000, 0x000000070a200000, 0x000000070a300000|  0%| F|  |TAMS 0x000000070a200000, 0x000000070a200000| Untracked 
| 143|0x000000070a300000, 0x000000070a300000, 0x000000070a400000|  0%| F|  |TAMS 0x000000070a300000, 0x000000070a300000| Untracked 
| 144|0x000000070a400000, 0x000000070a400000, 0x000000070a500000|  0%| F|  |TAMS 0x000000070a400000, 0x000000070a400000| Untracked 
| 145|0x000000070a500000, 0x000000070a500000, 0x000000070a600000|  0%| F|  |TAMS 0x000000070a500000, 0x000000070a500000| Untracked 
| 146|0x000000070a600000, 0x000000070a600000, 0x000000070a700000|  0%| F|  |TAMS 0x000000070a600000, 0x000000070a600000| Untracked 
| 147|0x000000070a700000, 0x000000070a700000, 0x000000070a800000|  0%| F|  |TAMS 0x000000070a700000, 0x000000070a700000| Untracked 
| 148|0x000000070a800000, 0x000000070a800000, 0x000000070a900000|  0%| F|  |TAMS 0x000000070a800000, 0x000000070a800000| Untracked 
| 149|0x000000070a900000, 0x000000070a900000, 0x000000070aa00000|  0%| F|  |TAMS 0x000000070a900000, 0x000000070a900000| Untracked 
| 150|0x000000070aa00000, 0x000000070aa00000, 0x000000070ab00000|  0%| F|  |TAMS 0x000000070aa00000, 0x000000070aa00000| Untracked 
| 151|0x000000070ab00000, 0x000000070ab80800, 0x000000070ac00000| 50%| E|  |TAMS 0x000000070ab00000, 0x000000070ab00000| Complete 
| 152|0x000000070ac00000, 0x000000070ad00000, 0x000000070ad00000|100%| E|CS|TAMS 0x000000070ac00000, 0x000000070ac00000| Complete 
| 153|0x000000070ad00000, 0x000000070ae00000, 0x000000070ae00000|100%| E|CS|TAMS 0x000000070ad00000, 0x000000070ad00000| Complete 
| 154|0x000000070ae00000, 0x000000070af00000, 0x000000070af00000|100%| E|CS|TAMS 0x000000070ae00000, 0x000000070ae00000| Complete 
| 155|0x000000070af00000, 0x000000070b000000, 0x000000070b000000|100%| E|CS|TAMS 0x000000070af00000, 0x000000070af00000| Complete 
| 156|0x000000070b000000, 0x000000070b100000, 0x000000070b100000|100%| E|CS|TAMS 0x000000070b000000, 0x000000070b000000| Complete 
| 157|0x000000070b100000, 0x000000070b200000, 0x000000070b200000|100%| E|CS|TAMS 0x000000070b100000, 0x000000070b100000| Complete 
| 158|0x000000070b200000, 0x000000070b300000, 0x000000070b300000|100%| E|CS|TAMS 0x000000070b200000, 0x000000070b200000| Complete 
| 159|0x000000070b300000, 0x000000070b400000, 0x000000070b400000|100%| E|CS|TAMS 0x000000070b300000, 0x000000070b300000| Complete 
| 160|0x000000070b400000, 0x000000070b500000, 0x000000070b500000|100%| E|CS|TAMS 0x000000070b400000, 0x000000070b400000| Complete 
| 161|0x000000070b500000, 0x000000070b600000, 0x000000070b600000|100%| E|CS|TAMS 0x000000070b500000, 0x000000070b500000| Complete 
| 162|0x000000070b600000, 0x000000070b700000, 0x000000070b700000|100%| E|CS|TAMS 0x000000070b600000, 0x000000070b600000| Complete 
| 163|0x000000070b700000, 0x000000070b800000, 0x000000070b800000|100%| E|CS|TAMS 0x000000070b700000, 0x000000070b700000| Complete 
| 164|0x000000070b800000, 0x000000070b900000, 0x000000070b900000|100%| E|CS|TAMS 0x000000070b800000, 0x000000070b800000| Complete 
| 165|0x000000070b900000, 0x000000070ba00000, 0x000000070ba00000|100%| E|CS|TAMS 0x000000070b900000, 0x000000070b900000| Complete 
| 166|0x000000070ba00000, 0x000000070bb00000, 0x000000070bb00000|100%| E|CS|TAMS 0x000000070ba00000, 0x000000070ba00000| Complete 
| 167|0x000000070bb00000, 0x000000070bc00000, 0x000000070bc00000|100%| E|CS|TAMS 0x000000070bb00000, 0x000000070bb00000| Complete 
| 168|0x000000070bc00000, 0x000000070bd00000, 0x000000070bd00000|100%| E|CS|TAMS 0x000000070bc00000, 0x000000070bc00000| Complete 
| 169|0x000000070bd00000, 0x000000070be00000, 0x000000070be00000|100%| E|CS|TAMS 0x000000070bd00000, 0x000000070bd00000| Complete 
| 170|0x000000070be00000, 0x000000070bf00000, 0x000000070bf00000|100%| E|CS|TAMS 0x000000070be00000, 0x000000070be00000| Complete 
| 171|0x000000070bf00000, 0x000000070c000000, 0x000000070c000000|100%| E|CS|TAMS 0x000000070bf00000, 0x000000070bf00000| Complete 
| 172|0x000000070c000000, 0x000000070c100000, 0x000000070c100000|100%| E|CS|TAMS 0x000000070c000000, 0x000000070c000000| Complete 
| 173|0x000000070c100000, 0x000000070c200000, 0x000000070c200000|100%| E|CS|TAMS 0x000000070c100000, 0x000000070c100000| Complete 
| 174|0x000000070c200000, 0x000000070c300000, 0x000000070c300000|100%| E|CS|TAMS 0x000000070c200000, 0x000000070c200000| Complete 
| 175|0x000000070c300000, 0x000000070c400000, 0x000000070c400000|100%| E|CS|TAMS 0x000000070c300000, 0x000000070c300000| Complete 
| 176|0x000000070c400000, 0x000000070c500000, 0x000000070c500000|100%| E|CS|TAMS 0x000000070c400000, 0x000000070c400000| Complete 
| 177|0x000000070c500000, 0x000000070c600000, 0x000000070c600000|100%| E|CS|TAMS 0x000000070c500000, 0x000000070c500000| Complete 
| 178|0x000000070c600000, 0x000000070c700000, 0x000000070c700000|100%| S|CS|TAMS 0x000000070c600000, 0x000000070c600000| Complete 
| 179|0x000000070c700000, 0x000000070c800000, 0x000000070c800000|100%| S|CS|TAMS 0x000000070c700000, 0x000000070c700000| Complete 
| 180|0x000000070c800000, 0x000000070c900000, 0x000000070c900000|100%| S|CS|TAMS 0x000000070c800000, 0x000000070c800000| Complete 
| 181|0x000000070c900000, 0x000000070ca00000, 0x000000070ca00000|100%| S|CS|TAMS 0x000000070c900000, 0x000000070c900000| Complete 
| 182|0x000000070ca00000, 0x000000070cb00000, 0x000000070cb00000|100%| S|CS|TAMS 0x000000070ca00000, 0x000000070ca00000| Complete 
| 183|0x000000070cb00000, 0x000000070cc00000, 0x000000070cc00000|100%| S|CS|TAMS 0x000000070cb00000, 0x000000070cb00000| Complete 
| 184|0x000000070cc00000, 0x000000070cd00000, 0x000000070cd00000|100%| S|CS|TAMS 0x000000070cc00000, 0x000000070cc00000| Complete 
| 185|0x000000070cd00000, 0x000000070ce00000, 0x000000070ce00000|100%| S|CS|TAMS 0x000000070cd00000, 0x000000070cd00000| Complete 
| 186|0x000000070ce00000, 0x000000070cf00000, 0x000000070cf00000|100%| S|CS|TAMS 0x000000070ce00000, 0x000000070ce00000| Complete 
| 187|0x000000070cf00000, 0x000000070d000000, 0x000000070d000000|100%| S|CS|TAMS 0x000000070cf00000, 0x000000070cf00000| Complete 
| 188|0x000000070d000000, 0x000000070d100000, 0x000000070d100000|100%| S|CS|TAMS 0x000000070d000000, 0x000000070d000000| Complete 
| 189|0x000000070d100000, 0x000000070d200000, 0x000000070d200000|100%| S|CS|TAMS 0x000000070d100000, 0x000000070d100000| Complete 
| 190|0x000000070d200000, 0x000000070d300000, 0x000000070d300000|100%| S|CS|TAMS 0x000000070d200000, 0x000000070d200000| Complete 
| 191|0x000000070d300000, 0x000000070d400000, 0x000000070d400000|100%| S|CS|TAMS 0x000000070d300000, 0x000000070d300000| Complete 
| 192|0x000000070d400000, 0x000000070d500000, 0x000000070d500000|100%| S|CS|TAMS 0x000000070d400000, 0x000000070d400000| Complete 
| 193|0x000000070d500000, 0x000000070d600000, 0x000000070d600000|100%| E|CS|TAMS 0x000000070d500000, 0x000000070d500000| Complete 
| 194|0x000000070d600000, 0x000000070d700000, 0x000000070d700000|100%| E|CS|TAMS 0x000000070d600000, 0x000000070d600000| Complete 
| 195|0x000000070d700000, 0x000000070d800000, 0x000000070d800000|100%| E|CS|TAMS 0x000000070d700000, 0x000000070d700000| Complete 
| 196|0x000000070d800000, 0x000000070d900000, 0x000000070d900000|100%| E|CS|TAMS 0x000000070d800000, 0x000000070d800000| Complete 
| 197|0x000000070d900000, 0x000000070da00000, 0x000000070da00000|100%| E|CS|TAMS 0x000000070d900000, 0x000000070d900000| Complete 
| 198|0x000000070da00000, 0x000000070db00000, 0x000000070db00000|100%| E|CS|TAMS 0x000000070da00000, 0x000000070da00000| Complete 
| 199|0x000000070db00000, 0x000000070dc00000, 0x000000070dc00000|100%| E|CS|TAMS 0x000000070db00000, 0x000000070db00000| Complete 
| 200|0x000000070dc00000, 0x000000070dd00000, 0x000000070dd00000|100%| E|CS|TAMS 0x000000070dc00000, 0x000000070dc00000| Complete 
| 201|0x000000070dd00000, 0x000000070de00000, 0x000000070de00000|100%| E|CS|TAMS 0x000000070dd00000, 0x000000070dd00000| Complete 
| 202|0x000000070de00000, 0x000000070df00000, 0x000000070df00000|100%| E|CS|TAMS 0x000000070de00000, 0x000000070de00000| Complete 
| 203|0x000000070df00000, 0x000000070e000000, 0x000000070e000000|100%| E|CS|TAMS 0x000000070df00000, 0x000000070df00000| Complete 
| 204|0x000000070e000000, 0x000000070e100000, 0x000000070e100000|100%| E|CS|TAMS 0x000000070e000000, 0x000000070e000000| Complete 
| 205|0x000000070e100000, 0x000000070e200000, 0x000000070e200000|100%| E|CS|TAMS 0x000000070e100000, 0x000000070e100000| Complete 
| 206|0x000000070e200000, 0x000000070e300000, 0x000000070e300000|100%| E|CS|TAMS 0x000000070e200000, 0x000000070e200000| Complete 
| 207|0x000000070e300000, 0x000000070e400000, 0x000000070e400000|100%| E|CS|TAMS 0x000000070e300000, 0x000000070e300000| Complete 
| 208|0x000000070e400000, 0x000000070e500000, 0x000000070e500000|100%| E|CS|TAMS 0x000000070e400000, 0x000000070e400000| Complete 
| 209|0x000000070e500000, 0x000000070e600000, 0x000000070e600000|100%| E|  |TAMS 0x000000070e500000, 0x000000070e500000| Complete 
| 210|0x000000070e600000, 0x000000070e700000, 0x000000070e700000|100%| E|CS|TAMS 0x000000070e600000, 0x000000070e600000| Complete 
| 211|0x000000070e700000, 0x000000070e800000, 0x000000070e800000|100%| E|CS|TAMS 0x000000070e700000, 0x000000070e700000| Complete 
| 212|0x000000070e800000, 0x000000070e900000, 0x000000070e900000|100%| E|CS|TAMS 0x000000070e800000, 0x000000070e800000| Complete 
| 213|0x000000070e900000, 0x000000070ea00000, 0x000000070ea00000|100%| E|CS|TAMS 0x000000070e900000, 0x000000070e900000| Complete 
| 214|0x000000070ea00000, 0x000000070eb00000, 0x000000070eb00000|100%| E|CS|TAMS 0x000000070ea00000, 0x000000070ea00000| Complete 
| 215|0x000000070eb00000, 0x000000070ec00000, 0x000000070ec00000|100%| E|CS|TAMS 0x000000070eb00000, 0x000000070eb00000| Complete 
| 216|0x000000070ec00000, 0x000000070ed00000, 0x000000070ed00000|100%| E|CS|TAMS 0x000000070ec00000, 0x000000070ec00000| Complete 
| 217|0x000000070ed00000, 0x000000070ee00000, 0x000000070ee00000|100%| E|CS|TAMS 0x000000070ed00000, 0x000000070ed00000| Complete 
| 218|0x000000070ee00000, 0x000000070ef00000, 0x000000070ef00000|100%| E|CS|TAMS 0x000000070ee00000, 0x000000070ee00000| Complete 
| 219|0x000000070ef00000, 0x000000070f000000, 0x000000070f000000|100%| E|CS|TAMS 0x000000070ef00000, 0x000000070ef00000| Complete 
| 220|0x000000070f000000, 0x000000070f100000, 0x000000070f100000|100%| E|CS|TAMS 0x000000070f000000, 0x000000070f000000| Complete 
| 221|0x000000070f100000, 0x000000070f200000, 0x000000070f200000|100%| E|CS|TAMS 0x000000070f100000, 0x000000070f100000| Complete 
| 222|0x000000070f200000, 0x000000070f300000, 0x000000070f300000|100%| E|CS|TAMS 0x000000070f200000, 0x000000070f200000| Complete 
| 223|0x000000070f300000, 0x000000070f400000, 0x000000070f400000|100%| E|CS|TAMS 0x000000070f300000, 0x000000070f300000| Complete 
| 224|0x000000070f400000, 0x000000070f500000, 0x000000070f500000|100%| E|CS|TAMS 0x000000070f400000, 0x000000070f400000| Complete 
| 225|0x000000070f500000, 0x000000070f600000, 0x000000070f600000|100%| E|CS|TAMS 0x000000070f500000, 0x000000070f500000| Complete 
| 226|0x000000070f600000, 0x000000070f700000, 0x000000070f700000|100%| E|CS|TAMS 0x000000070f600000, 0x000000070f600000| Complete 
| 227|0x000000070f700000, 0x000000070f800000, 0x000000070f800000|100%| E|CS|TAMS 0x000000070f700000, 0x000000070f700000| Complete 
| 228|0x000000070f800000, 0x000000070f900000, 0x000000070f900000|100%| E|CS|TAMS 0x000000070f800000, 0x000000070f800000| Complete 
| 229|0x000000070f900000, 0x000000070fa00000, 0x000000070fa00000|100%| E|CS|TAMS 0x000000070f900000, 0x000000070f900000| Complete 
| 230|0x000000070fa00000, 0x000000070fb00000, 0x000000070fb00000|100%| E|CS|TAMS 0x000000070fa00000, 0x000000070fa00000| Complete 
| 231|0x000000070fb00000, 0x000000070fc00000, 0x000000070fc00000|100%| E|CS|TAMS 0x000000070fb00000, 0x000000070fb00000| Complete 
| 232|0x000000070fc00000, 0x000000070fd00000, 0x000000070fd00000|100%| E|CS|TAMS 0x000000070fc00000, 0x000000070fc00000| Complete 
| 233|0x000000070fd00000, 0x000000070fe00000, 0x000000070fe00000|100%| E|CS|TAMS 0x000000070fd00000, 0x000000070fd00000| Complete 
| 234|0x000000070fe00000, 0x000000070ff00000, 0x000000070ff00000|100%| E|CS|TAMS 0x000000070fe00000, 0x000000070fe00000| Complete 
| 235|0x000000070ff00000, 0x0000000710000000, 0x0000000710000000|100%| E|CS|TAMS 0x000000070ff00000, 0x000000070ff00000| Complete 
| 236|0x0000000710000000, 0x0000000710100000, 0x0000000710100000|100%| E|CS|TAMS 0x0000000710000000, 0x0000000710000000| Complete 
| 237|0x0000000710100000, 0x0000000710200000, 0x0000000710200000|100%| E|CS|TAMS 0x0000000710100000, 0x0000000710100000| Complete 
| 238|0x0000000710200000, 0x0000000710300000, 0x0000000710300000|100%| E|CS|TAMS 0x0000000710200000, 0x0000000710200000| Complete 
| 239|0x0000000710300000, 0x0000000710400000, 0x0000000710400000|100%| E|CS|TAMS 0x0000000710300000, 0x0000000710300000| Complete 
| 240|0x0000000710400000, 0x0000000710500000, 0x0000000710500000|100%| E|CS|TAMS 0x0000000710400000, 0x0000000710400000| Complete 
| 241|0x0000000710500000, 0x0000000710600000, 0x0000000710600000|100%| E|CS|TAMS 0x0000000710500000, 0x0000000710500000| Complete 
| 242|0x0000000710600000, 0x0000000710700000, 0x0000000710700000|100%| E|CS|TAMS 0x0000000710600000, 0x0000000710600000| Complete 
| 243|0x0000000710700000, 0x0000000710800000, 0x0000000710800000|100%| E|CS|TAMS 0x0000000710700000, 0x0000000710700000| Complete 
| 244|0x0000000710800000, 0x0000000710900000, 0x0000000710900000|100%| E|CS|TAMS 0x0000000710800000, 0x0000000710800000| Complete 
| 245|0x0000000710900000, 0x0000000710a00000, 0x0000000710a00000|100%| E|CS|TAMS 0x0000000710900000, 0x0000000710900000| Complete 
| 246|0x0000000710a00000, 0x0000000710b00000, 0x0000000710b00000|100%| E|CS|TAMS 0x0000000710a00000, 0x0000000710a00000| Complete 
| 247|0x0000000710b00000, 0x0000000710c00000, 0x0000000710c00000|100%| E|CS|TAMS 0x0000000710b00000, 0x0000000710b00000| Complete 
| 248|0x0000000710c00000, 0x0000000710d00000, 0x0000000710d00000|100%| E|CS|TAMS 0x0000000710c00000, 0x0000000710c00000| Complete 
| 249|0x0000000710d00000, 0x0000000710e00000, 0x0000000710e00000|100%| E|CS|TAMS 0x0000000710d00000, 0x0000000710d00000| Complete 
| 250|0x0000000710e00000, 0x0000000710f00000, 0x0000000710f00000|100%| E|CS|TAMS 0x0000000710e00000, 0x0000000710e00000| Complete 
| 251|0x0000000710f00000, 0x0000000711000000, 0x0000000711000000|100%| E|CS|TAMS 0x0000000710f00000, 0x0000000710f00000| Complete 
| 252|0x0000000711000000, 0x0000000711100000, 0x0000000711100000|100%| E|CS|TAMS 0x0000000711000000, 0x0000000711000000| Complete 
| 253|0x0000000711100000, 0x0000000711200000, 0x0000000711200000|100%| E|CS|TAMS 0x0000000711100000, 0x0000000711100000| Complete 
| 254|0x0000000711200000, 0x0000000711300000, 0x0000000711300000|100%| E|CS|TAMS 0x0000000711200000, 0x0000000711200000| Complete 
| 255|0x0000000711300000, 0x0000000711400000, 0x0000000711400000|100%| E|CS|TAMS 0x0000000711300000, 0x0000000711300000| Complete 
| 256|0x0000000711400000, 0x0000000711500000, 0x0000000711500000|100%| E|CS|TAMS 0x0000000711400000, 0x0000000711400000| Complete 
| 257|0x0000000711500000, 0x0000000711600000, 0x0000000711600000|100%| E|CS|TAMS 0x0000000711500000, 0x0000000711500000| Complete 
| 258|0x0000000711600000, 0x0000000711700000, 0x0000000711700000|100%| E|CS|TAMS 0x0000000711600000, 0x0000000711600000| Complete 
| 259|0x0000000711700000, 0x0000000711800000, 0x0000000711800000|100%| E|CS|TAMS 0x0000000711700000, 0x0000000711700000| Complete 
| 260|0x0000000711800000, 0x0000000711900000, 0x0000000711900000|100%| E|CS|TAMS 0x0000000711800000, 0x0000000711800000| Complete 
| 261|0x0000000711900000, 0x0000000711a00000, 0x0000000711a00000|100%| E|CS|TAMS 0x0000000711900000, 0x0000000711900000| Complete 
| 262|0x0000000711a00000, 0x0000000711b00000, 0x0000000711b00000|100%| E|CS|TAMS 0x0000000711a00000, 0x0000000711a00000| Complete 
| 263|0x0000000711b00000, 0x0000000711c00000, 0x0000000711c00000|100%| E|CS|TAMS 0x0000000711b00000, 0x0000000711b00000| Complete 
| 264|0x0000000711c00000, 0x0000000711d00000, 0x0000000711d00000|100%| E|CS|TAMS 0x0000000711c00000, 0x0000000711c00000| Complete 
| 265|0x0000000711d00000, 0x0000000711e00000, 0x0000000711e00000|100%| E|CS|TAMS 0x0000000711d00000, 0x0000000711d00000| Complete 
| 266|0x0000000711e00000, 0x0000000711f00000, 0x0000000711f00000|100%| E|CS|TAMS 0x0000000711e00000, 0x0000000711e00000| Complete 
| 267|0x0000000711f00000, 0x0000000712000000, 0x0000000712000000|100%| E|CS|TAMS 0x0000000711f00000, 0x0000000711f00000| Complete 
| 268|0x0000000712000000, 0x0000000712100000, 0x0000000712100000|100%| E|CS|TAMS 0x0000000712000000, 0x0000000712000000| Complete 
| 269|0x0000000712100000, 0x0000000712200000, 0x0000000712200000|100%| E|CS|TAMS 0x0000000712100000, 0x0000000712100000| Complete 
| 270|0x0000000712200000, 0x0000000712300000, 0x0000000712300000|100%| E|CS|TAMS 0x0000000712200000, 0x0000000712200000| Complete 
| 271|0x0000000712300000, 0x0000000712400000, 0x0000000712400000|100%| E|CS|TAMS 0x0000000712300000, 0x0000000712300000| Complete 
| 272|0x0000000712400000, 0x0000000712500000, 0x0000000712500000|100%| E|CS|TAMS 0x0000000712400000, 0x0000000712400000| Complete 
| 273|0x0000000712500000, 0x0000000712600000, 0x0000000712600000|100%| E|CS|TAMS 0x0000000712500000, 0x0000000712500000| Complete 
| 274|0x0000000712600000, 0x0000000712700000, 0x0000000712700000|100%| E|CS|TAMS 0x0000000712600000, 0x0000000712600000| Complete 
| 275|0x0000000712700000, 0x0000000712800000, 0x0000000712800000|100%| E|CS|TAMS 0x0000000712700000, 0x0000000712700000| Complete 
| 276|0x0000000712800000, 0x0000000712900000, 0x0000000712900000|100%| E|CS|TAMS 0x0000000712800000, 0x0000000712800000| Complete 
| 277|0x0000000712900000, 0x0000000712a00000, 0x0000000712a00000|100%| E|CS|TAMS 0x0000000712900000, 0x0000000712900000| Complete 
| 278|0x0000000712a00000, 0x0000000712b00000, 0x0000000712b00000|100%| E|CS|TAMS 0x0000000712a00000, 0x0000000712a00000| Complete 
| 279|0x0000000712b00000, 0x0000000712c00000, 0x0000000712c00000|100%| E|CS|TAMS 0x0000000712b00000, 0x0000000712b00000| Complete 
| 280|0x0000000712c00000, 0x0000000712d00000, 0x0000000712d00000|100%| E|CS|TAMS 0x0000000712c00000, 0x0000000712c00000| Complete 
| 281|0x0000000712d00000, 0x0000000712e00000, 0x0000000712e00000|100%| E|CS|TAMS 0x0000000712d00000, 0x0000000712d00000| Complete 
| 282|0x0000000712e00000, 0x0000000712f00000, 0x0000000712f00000|100%| E|CS|TAMS 0x0000000712e00000, 0x0000000712e00000| Complete 
| 283|0x0000000712f00000, 0x0000000713000000, 0x0000000713000000|100%| E|CS|TAMS 0x0000000712f00000, 0x0000000712f00000| Complete 
| 284|0x0000000713000000, 0x0000000713100000, 0x0000000713100000|100%| E|CS|TAMS 0x0000000713000000, 0x0000000713000000| Complete 
| 285|0x0000000713100000, 0x0000000713200000, 0x0000000713200000|100%| E|CS|TAMS 0x0000000713100000, 0x0000000713100000| Complete 
| 286|0x0000000713200000, 0x0000000713300000, 0x0000000713300000|100%| E|CS|TAMS 0x0000000713200000, 0x0000000713200000| Complete 
| 287|0x0000000713300000, 0x0000000713400000, 0x0000000713400000|100%| E|CS|TAMS 0x0000000713300000, 0x0000000713300000| Complete 
| 288|0x0000000713400000, 0x0000000713500000, 0x0000000713500000|100%| E|CS|TAMS 0x0000000713400000, 0x0000000713400000| Complete 
| 289|0x0000000713500000, 0x0000000713600000, 0x0000000713600000|100%| E|CS|TAMS 0x0000000713500000, 0x0000000713500000| Complete 
| 290|0x0000000713600000, 0x0000000713700000, 0x0000000713700000|100%| E|CS|TAMS 0x0000000713600000, 0x0000000713600000| Complete 
| 291|0x0000000713700000, 0x0000000713800000, 0x0000000713800000|100%| E|CS|TAMS 0x0000000713700000, 0x0000000713700000| Complete 
| 292|0x0000000713800000, 0x0000000713900000, 0x0000000713900000|100%| E|CS|TAMS 0x0000000713800000, 0x0000000713800000| Complete 
| 293|0x0000000713900000, 0x0000000713a00000, 0x0000000713a00000|100%| E|CS|TAMS 0x0000000713900000, 0x0000000713900000| Complete 
| 294|0x0000000713a00000, 0x0000000713b00000, 0x0000000713b00000|100%| E|CS|TAMS 0x0000000713a00000, 0x0000000713a00000| Complete 
| 295|0x0000000713b00000, 0x0000000713c00000, 0x0000000713c00000|100%| E|CS|TAMS 0x0000000713b00000, 0x0000000713b00000| Complete 
| 296|0x0000000713c00000, 0x0000000713d00000, 0x0000000713d00000|100%| E|CS|TAMS 0x0000000713c00000, 0x0000000713c00000| Complete 
| 297|0x0000000713d00000, 0x0000000713e00000, 0x0000000713e00000|100%| E|CS|TAMS 0x0000000713d00000, 0x0000000713d00000| Complete 
| 298|0x0000000713e00000, 0x0000000713f00000, 0x0000000713f00000|100%| E|CS|TAMS 0x0000000713e00000, 0x0000000713e00000| Complete 
| 299|0x0000000713f00000, 0x0000000714000000, 0x0000000714000000|100%| E|CS|TAMS 0x0000000713f00000, 0x0000000713f00000| Complete 
| 300|0x0000000714000000, 0x0000000714100000, 0x0000000714100000|100%| E|CS|TAMS 0x0000000714000000, 0x0000000714000000| Complete 
| 301|0x0000000714100000, 0x0000000714200000, 0x0000000714200000|100%| E|CS|TAMS 0x0000000714100000, 0x0000000714100000| Complete 
| 302|0x0000000714200000, 0x0000000714300000, 0x0000000714300000|100%| E|CS|TAMS 0x0000000714200000, 0x0000000714200000| Complete 
| 303|0x0000000714300000, 0x0000000714400000, 0x0000000714400000|100%| E|CS|TAMS 0x0000000714300000, 0x0000000714300000| Complete 
| 304|0x0000000714400000, 0x0000000714500000, 0x0000000714500000|100%| E|CS|TAMS 0x0000000714400000, 0x0000000714400000| Complete 
| 305|0x0000000714500000, 0x0000000714600000, 0x0000000714600000|100%| E|CS|TAMS 0x0000000714500000, 0x0000000714500000| Complete 
| 306|0x0000000714600000, 0x0000000714700000, 0x0000000714700000|100%| E|CS|TAMS 0x0000000714600000, 0x0000000714600000| Complete 
| 307|0x0000000714700000, 0x0000000714800000, 0x0000000714800000|100%| E|CS|TAMS 0x0000000714700000, 0x0000000714700000| Complete 

Card table byte_map: [0x000001eda84a0000,0x000001eda8ca0000] _byte_map_base: 0x000001eda4c96000

Marking Bits (Prev, Next): (CMBitMap*) 0x000001ed951de6c8, (CMBitMap*) 0x000001ed951de700
 Prev Bits: [0x000001eda94a0000, 0x000001edad450000)
 Next Bits: [0x000001edad450000, 0x000001edb1400000)

Polling page: 0x000001ed93130000

Metaspace:

Usage:
  Non-class:     77.50 MB capacity,    77.04 MB (>99%) used,   333.73 KB ( <1%) free+waste,   140.69 KB ( <1%) overhead. 
      Class:      9.46 MB capacity,     9.10 MB ( 96%) used,   308.95 KB (  3%) free+waste,    57.44 KB ( <1%) overhead. 
       Both:     86.96 MB capacity,    86.14 MB (>99%) used,   642.68 KB ( <1%) free+waste,   198.13 KB ( <1%) overhead. 

Virtual space:
  Non-class space:       78.00 MB reserved,      77.70 MB (>99%) committed 
      Class space:        1.00 GB reserved,       9.53 MB ( <1%) committed 
             Both:        1.08 GB reserved,      87.23 MB (  8%) committed 

Chunk freelists:
   Non-Class:  10.00 KB
       Class:  12.00 KB
        Both:  22.00 KB

MaxMetaspaceSize: 17179869184.00 GB
CompressedClassSpaceSize: 1.00 GB
Initial GC threshold: 20.80 MB
Current GC threshold: 120.59 MB
CDS: off

CodeHeap 'non-profiled nmethods': size=120064Kb used=7777Kb max_used=7777Kb free=112287Kb
 bounds [0x000001eda0760000, 0x000001eda0f00000, 0x000001eda7ca0000]
CodeHeap 'profiled nmethods': size=120000Kb used=46315Kb max_used=46315Kb free=73684Kb
 bounds [0x000001ed99230000, 0x000001ed9bf70000, 0x000001eda0760000]
CodeHeap 'non-nmethods': size=5696Kb used=1407Kb max_used=1451Kb free=4288Kb
 bounds [0x000001ed98ca0000, 0x000001ed98f10000, 0x000001ed99230000]
 total_blobs=14606 nmethods=13898 adapters=617
 compilation: enabled
              stopped_count=0, restarted_count=0
 full_count=0

Compilation events (20 events):
Event: 15.692 Thread 0x000001edb4202800 13928       3       org.jetbrains.kotlin.codegen.state.TypeMappingUtil::suppressWildcardsMode (68 bytes)
Event: 15.692 Thread 0x000001edb4202800 nmethod 13928 0x000001ed9bf5e590 code [0x000001ed9bf5e7a0, 0x000001ed9bf5ee38]
Event: 15.692 Thread 0x000001edb4202800 13924       1       org.jetbrains.kotlin.codegen.inline.FileMapping::getLineMappings (5 bytes)
Event: 15.692 Thread 0x000001edb4202800 nmethod 13924 0x000001eda0ef7e10 code [0x000001eda0ef7fc0, 0x000001eda0ef8078]
Event: 15.692 Thread 0x000001edb4202800 13929       3       org.jetbrains.kotlin.descriptors.annotations.Annotations$Companion::create (33 bytes)
Event: 15.693 Thread 0x000001edb4202800 nmethod 13929 0x000001ed9bf5ef90 code [0x000001ed9bf5f260, 0x000001ed9bf5ff68]
Event: 15.693 Thread 0x000001edb4202800 13930       3       org.jetbrains.kotlin.codegen.serialization.JvmSerializerExtension::getBinding (24 bytes)
Event: 15.693 Thread 0x000001edb4202800 nmethod 13930 0x000001ed9bf60410 code [0x000001ed9bf60640, 0x000001ed9bf60b58]
Event: 15.693 Thread 0x000001edb4202800 13931       3       org.jetbrains.kotlin.name.ClassId::asString (79 bytes)
Event: 15.694 Thread 0x000001edb4202800 nmethod 13931 0x000001ed9bf60d90 code [0x000001ed9bf610e0, 0x000001ed9bf62188]
Event: 15.694 Thread 0x000001edb4202800 13934       3       org.jetbrains.kotlin.types.WrappedType::isMarkedNullable (8 bytes)
Event: 15.694 Thread 0x000001edb4202800 nmethod 13934 0x000001ed9bf62790 code [0x000001ed9bf62960, 0x000001ed9bf62bf8]
Event: 15.694 Thread 0x000001edb4202800 13933       3       kotlin.collections.EmptyList::subList (49 bytes)
Event: 15.695 Thread 0x000001edb4202800 nmethod 13933 0x000001ed9bf62d10 code [0x000001ed9bf62fa0, 0x000001ed9bf639f8]
Event: 15.695 Thread 0x000001edb4202800 13935       3       org.jetbrains.kotlin.metadata.ProtoBuf$Property::writeTo (432 bytes)
Event: 15.697 Thread 0x000001edb4202800 nmethod 13935 0x000001ed9bf63e10 code [0x000001ed9bf64640, 0x000001ed9bf68818]
Event: 15.698 Thread 0x000001edb4202800 13936       1       org.jetbrains.org.objectweb.asm.SymbolTable::getMajorVersion (5 bytes)
Event: 15.698 Thread 0x000001edb4202800 nmethod 13936 0x000001eda0ef8110 code [0x000001eda0ef82c0, 0x000001eda0ef8378]
Event: 15.698 Thread 0x000001edb4202800 13937       3       java.io.ExpiringCache::entryFor (57 bytes)
Event: 15.698 Thread 0x000001edb4202800 nmethod 13937 0x000001ed9bf6a010 code [0x000001ed9bf6a200, 0x000001ed9bf6a6f8]

GC Heap History (16 events):
Event: 0.460 GC heap before
{Heap before GC invocations=0 (full 0):
 garbage-first heap   total 262144K, used 18432K [0x0000000701400000, 0x0000000800000000)
  region size 1024K, 14 young (14336K), 0 survivors (0K)
 Metaspace       used 9869K, capacity 9970K, committed 10112K, reserved 1058816K
  class space    used 828K, capacity 853K, committed 896K, reserved 1048576K
}
Event: 0.463 GC heap after
{Heap after GC invocations=1 (full 0):
 garbage-first heap   total 262144K, used 6278K [0x0000000701400000, 0x0000000800000000)
  region size 1024K, 2 young (2048K), 2 survivors (2048K)
 Metaspace       used 9869K, capacity 9970K, committed 10112K, reserved 1058816K
  class space    used 828K, capacity 853K, committed 896K, reserved 1048576K
}
Event: 1.276 GC heap before
{Heap before GC invocations=1 (full 0):
 garbage-first heap   total 262144K, used 53382K [0x0000000701400000, 0x0000000800000000)
  region size 1024K, 49 young (50176K), 2 survivors (2048K)
 Metaspace       used 20955K, capacity 21188K, committed 21248K, reserved 1069056K
  class space    used 2218K, capacity 2303K, committed 2304K, reserved 1048576K
}
Event: 1.287 GC heap after
{Heap after GC invocations=2 (full 0):
 garbage-first heap   total 262144K, used 10909K [0x0000000701400000, 0x0000000800000000)
  region size 1024K, 7 young (7168K), 7 survivors (7168K)
 Metaspace       used 20955K, capacity 21188K, committed 21248K, reserved 1069056K
  class space    used 2218K, capacity 2303K, committed 2304K, reserved 1048576K
}
Event: 2.120 GC heap before
{Heap before GC invocations=3 (full 0):
 garbage-first heap   total 262144K, used 66205K [0x0000000701400000, 0x0000000800000000)
  region size 1024K, 55 young (56320K), 7 survivors (7168K)
 Metaspace       used 32470K, capacity 32839K, committed 32896K, reserved 1077248K
  class space    used 4018K, capacity 4178K, committed 4224K, reserved 1048576K
}
Event: 2.130 GC heap after
{Heap after GC invocations=4 (full 0):
 garbage-first heap   total 262144K, used 23482K [0x0000000701400000, 0x0000000800000000)
  region size 1024K, 7 young (7168K), 7 survivors (7168K)
 Metaspace       used 32470K, capacity 32839K, committed 32896K, reserved 1077248K
  class space    used 4018K, capacity 4178K, committed 4224K, reserved 1048576K
}
Event: 2.303 GC heap before
{Heap before GC invocations=4 (full 0):
 garbage-first heap   total 262144K, used 34746K [0x0000000701400000, 0x0000000800000000)
  region size 1024K, 19 young (19456K), 7 survivors (7168K)
 Metaspace       used 35088K, capacity 35559K, committed 35628K, reserved 1081344K
  class space    used 4310K, capacity 4466K, committed 4480K, reserved 1048576K
}
Event: 2.315 GC heap after
{Heap after GC invocations=5 (full 0):
 garbage-first heap   total 262144K, used 25329K [0x0000000701400000, 0x0000000800000000)
  region size 1024K, 2 young (2048K), 2 survivors (2048K)
 Metaspace       used 35088K, capacity 35559K, committed 35628K, reserved 1081344K
  class space    used 4310K, capacity 4466K, committed 4480K, reserved 1048576K
}
Event: 3.717 GC heap before
{Heap before GC invocations=6 (full 0):
 garbage-first heap   total 262144K, used 109297K [0x0000000701400000, 0x0000000800000000)
  region size 1024K, 81 young (82944K), 2 survivors (2048K)
 Metaspace       used 48351K, capacity 48871K, committed 49152K, reserved 1093632K
  class space    used 5636K, capacity 5847K, committed 5888K, reserved 1048576K
}
Event: 3.728 GC heap after
{Heap after GC invocations=7 (full 0):
 garbage-first heap   total 315392K, used 37135K [0x0000000701400000, 0x0000000800000000)
  region size 1024K, 11 young (11264K), 11 survivors (11264K)
 Metaspace       used 48351K, capacity 48871K, committed 49152K, reserved 1093632K
  class space    used 5636K, capacity 5847K, committed 5888K, reserved 1048576K
}
Event: 6.535 GC heap before
{Heap before GC invocations=7 (full 0):
 garbage-first heap   total 315392K, used 126223K [0x0000000701400000, 0x0000000800000000)
  region size 1024K, 98 young (100352K), 11 survivors (11264K)
 Metaspace       used 56338K, capacity 56954K, committed 57088K, reserved 1099776K
  class space    used 6333K, capacity 6588K, committed 6656K, reserved 1048576K
}
Event: 6.552 GC heap after
{Heap after GC invocations=8 (full 0):
 garbage-first heap   total 315392K, used 50288K [0x0000000701400000, 0x0000000800000000)
  region size 1024K, 13 young (13312K), 13 survivors (13312K)
 Metaspace       used 56338K, capacity 56954K, committed 57088K, reserved 1099776K
  class space    used 6333K, capacity 6588K, committed 6656K, reserved 1048576K
}
Event: 7.555 GC heap before
{Heap before GC invocations=8 (full 0):
 garbage-first heap   total 315392K, used 95344K [0x0000000701400000, 0x0000000800000000)
  region size 1024K, 58 young (59392K), 13 survivors (13312K)
 Metaspace       used 59093K, capacity 59732K, committed 59936K, reserved 1101824K
  class space    used 6638K, capacity 6917K, committed 6944K, reserved 1048576K
}
Event: 7.596 GC heap after
{Heap after GC invocations=9 (full 0):
 garbage-first heap   total 315392K, used 57248K [0x0000000701400000, 0x0000000800000000)
  region size 1024K, 7 young (7168K), 7 survivors (7168K)
 Metaspace       used 59093K, capacity 59732K, committed 59936K, reserved 1101824K
  class space    used 6638K, capacity 6917K, committed 6944K, reserved 1048576K
}
Event: 12.184 GC heap before
{Heap before GC invocations=10 (full 0):
 garbage-first heap   total 315392K, used 167840K [0x0000000701400000, 0x0000000800000000)
  region size 1024K, 115 young (117760K), 7 survivors (7168K)
 Metaspace       used 72652K, capacity 73481K, committed 73580K, reserved 1114112K
  class space    used 7954K, capacity 8295K, committed 8352K, reserved 1048576K
}
Event: 12.205 GC heap after
{Heap after GC invocations=11 (full 0):
 garbage-first heap   total 315392K, used 68608K [0x0000000701400000, 0x0000000800000000)
  region size 1024K, 15 young (15360K), 15 survivors (15360K)
 Metaspace       used 72652K, capacity 73481K, committed 73580K, reserved 1114112K
  class space    used 7954K, capacity 8295K, committed 8352K, reserved 1048576K
}

Deoptimization events (20 events):
Event: 15.588 Thread 0x000001ed9517c000 DEOPT PACKING pc=0x000001eda0edc8e4 sp=0x000000affa3fdb00
Event: 15.588 Thread 0x000001ed9517c000 DEOPT UNPACKING pc=0x000001ed98cea1af sp=0x000000affa3fd8c8 mode 2
Event: 15.621 Thread 0x000001ed9517c000 Uncommon trap: trap_request=0xffffffde fr.pc=0x000001eda0a86710 relative=0x0000000000000510
Event: 15.621 Thread 0x000001ed9517c000 Uncommon trap: reason=class_check action=maybe_recompile pc=0x000001eda0a86710 method=java.util.regex.Matcher.search(I)Z @ 121 c2
Event: 15.621 Thread 0x000001ed9517c000 DEOPT PACKING pc=0x000001eda0a86710 sp=0x000000affa3fce90
Event: 15.621 Thread 0x000001ed9517c000 DEOPT UNPACKING pc=0x000001ed98cea1af sp=0x000000affa3fce50 mode 2
Event: 15.621 Thread 0x000001ed9517c000 Uncommon trap: trap_request=0xffffffde fr.pc=0x000001eda0a86710 relative=0x0000000000000510
Event: 15.621 Thread 0x000001ed9517c000 Uncommon trap: reason=class_check action=maybe_recompile pc=0x000001eda0a86710 method=java.util.regex.Matcher.search(I)Z @ 121 c2
Event: 15.621 Thread 0x000001ed9517c000 DEOPT PACKING pc=0x000001eda0a86710 sp=0x000000affa3fce90
Event: 15.621 Thread 0x000001ed9517c000 DEOPT UNPACKING pc=0x000001ed98cea1af sp=0x000000affa3fce50 mode 2
Event: 15.621 Thread 0x000001ed9517c000 Uncommon trap: trap_request=0xffffffde fr.pc=0x000001eda0a86710 relative=0x0000000000000510
Event: 15.621 Thread 0x000001ed9517c000 Uncommon trap: reason=class_check action=maybe_recompile pc=0x000001eda0a86710 method=java.util.regex.Matcher.search(I)Z @ 121 c2
Event: 15.621 Thread 0x000001ed9517c000 DEOPT PACKING pc=0x000001eda0a86710 sp=0x000000affa3fcfc0
Event: 15.621 Thread 0x000001ed9517c000 DEOPT UNPACKING pc=0x000001ed98cea1af sp=0x000000affa3fcf80 mode 2
Event: 15.623 Thread 0x000001ed9517c000 DEOPT PACKING pc=0x000001ed9bcacb04 sp=0x000000affa3fdc70
Event: 15.623 Thread 0x000001ed9517c000 DEOPT UNPACKING pc=0x000001ed98cea95e sp=0x000000affa3fd100 mode 0
Event: 15.685 Thread 0x000001ed9517c000 Uncommon trap: trap_request=0xffffffde fr.pc=0x000001eda0a86710 relative=0x0000000000000510
Event: 15.685 Thread 0x000001ed9517c000 Uncommon trap: reason=class_check action=maybe_recompile pc=0x000001eda0a86710 method=java.util.regex.Matcher.search(I)Z @ 121 c2
Event: 15.685 Thread 0x000001ed9517c000 DEOPT PACKING pc=0x000001eda0a86710 sp=0x000000affa3fce90
Event: 15.685 Thread 0x000001ed9517c000 DEOPT UNPACKING pc=0x000001ed98cea1af sp=0x000000affa3fce50 mode 2

Classes redefined (0 events):
No events

Internal exceptions (20 events):
Event: 7.765 Thread 0x000001ed9517c000 Exception <a 'java/lang/NoSuchMethodError'{0x0000000714250730}: 'java.lang.Object java.lang.invoke.Invokers$Holder.linkToTargetMethod(java.lang.Object, java.lang.Object, java.lang.Object, int, java.lang.Object)'> (0x0000000714250730) thrown at [./src/hotspot/share/interpreter/linkResolver.cpp, line 773]
Event: 7.817 Thread 0x000001ed9517c000 Exception <a 'java/lang/NoSuchMethodError'{0x00000007140023c0}: 'void java.lang.invoke.DirectMethodHandle$Holder.invokeInterface(java.lang.Object, java.lang.Object)'> (0x00000007140023c0) thrown at [./src/hotspot/share/interpreter/linkResolver.cpp, line 773]
Event: 7.900 Thread 0x000001ed9517c000 Exception <a 'java/lang/IncompatibleClassChangeError'{0x0000000713ff1aa0}: Found class java.lang.Object, but interface was expected> (0x0000000713ff1aa0) thrown at [./src/hotspot/share/interpreter/linkResolver.cpp, line 839]
Event: 8.184 Thread 0x000001ed9517c000 Exception <a 'java/lang/NoSuchMethodError'{0x00000007139bfc78}: 'java.lang.Object java.lang.invoke.Invokers$Holder.linkToTargetMethod(java.lang.Object, java.lang.Object, java.lang.Object, java.lang.Object, java.lang.Object, java.lang.Object, java.lang.Object)'> (0x00000007139bfc78) thrown at [./src/hotspot/share/interpreter/linkResolver.cpp, line 773]
Event: 9.300 Thread 0x000001ed9517c000 Implicit null exception at 0x000001eda0b9be74 to 0x000001eda0b9c478
Event: 9.734 Thread 0x000001ed9517c000 Implicit null exception at 0x000001eda0a13f5c to 0x000001eda0a148c4
Event: 11.325 Thread 0x000001ed9517c000 Implicit null exception at 0x000001eda07c2175 to 0x000001eda07c2364
Event: 11.682 Thread 0x000001ed9517c000 Exception <a 'java/lang/NoSuchMethodError'{0x000000070eace598}: 'java.lang.Object java.lang.invoke.DirectMethodHandle$Holder.invokeStaticInit(java.lang.Object, java.lang.Object, java.lang.Object, java.lang.Object)'> (0x000000070eace598) thrown at [./src/hotspot/share/interpreter/linkResolver.cpp, line 773]
Event: 11.893 Thread 0x000001ed9517c000 Exception <a 'java/lang/NoSuchMethodError'{0x000000070e0bd1d0}: 'int java.lang.invoke.DirectMethodHandle$Holder.invokeStaticInit(java.lang.Object, java.lang.Object, java.lang.Object, java.lang.Object)'> (0x000000070e0bd1d0) thrown at [./src/hotspot/share/interpreter/linkResolver.cpp, line 773]
Event: 11.951 Thread 0x000001ed9517c000 Exception <a 'java/lang/NoSuchMethodError'{0x000000070dd385a8}: 'java.lang.Object java.lang.invoke.DirectMethodHandle$Holder.invokeStatic(java.lang.Object, java.lang.Object, java.lang.Object, int, int, java.lang.Object, java.lang.Object, java.lang.Object)'> (0x000000070dd385a8) thrown at [./src/hotspot/share/interpreter/linkResolver.cpp, line 773]
Event: 11.952 Thread 0x000001ed9517c000 Exception <a 'java/lang/NoSuchMethodError'{0x000000070dd42b28}: 'java.lang.Object java.lang.invoke.DirectMethodHandle$Holder.invokeStatic(java.lang.Object, java.lang.Object, java.lang.Object, int, int)'> (0x000000070dd42b28) thrown at [./src/hotspot/share/interpreter/linkResolver.cpp, line 773]
Event: 11.952 Thread 0x000001ed9517c000 Exception <a 'java/lang/NoSuchMethodError'{0x000000070dd46308}: 'java.lang.Object java.lang.invoke.DirectMethodHandle$Holder.invokeSpecial(java.lang.Object, java.lang.Object, java.lang.Object, java.lang.Object, int, int)'> (0x000000070dd46308) thrown at [./src/hotspot/share/interpreter/linkResolver.cpp, line 773]
Event: 11.952 Thread 0x000001ed9517c000 Exception <a 'java/lang/NoSuchMethodError'{0x000000070dd49410}: 'java.lang.Object java.lang.invoke.Invokers$Holder.linkToTargetMethod(java.lang.Object, java.lang.Object, int, int, java.lang.Object)'> (0x000000070dd49410) thrown at [./src/hotspot/share/interpreter/linkResolver.cpp, line 773]
Event: 11.986 Thread 0x000001ed9517c000 Exception <a 'java/lang/NoSuchMethodError'{0x000000070dc94148}: 'java.lang.Object java.lang.invoke.DirectMethodHandle$Holder.invokeStatic(java.lang.Object, java.lang.Object, java.lang.Object, int, int, java.lang.Object, java.lang.Object)'> (0x000000070dc94148) thrown at [./src/hotspot/share/interpreter/linkResolver.cpp, line 773]
Event: 11.986 Thread 0x000001ed9517c000 Exception <a 'java/lang/NoSuchMethodError'{0x000000070dc97d60}: 'java.lang.Object java.lang.invoke.DirectMethodHandle$Holder.invokeSpecial(java.lang.Object, java.lang.Object, java.lang.Object, java.lang.Object, int, int, java.lang.Object, java.lang.Object)'> (0x000000070dc97d60) thrown at [./src/hotspot/share/interpreter/linkResolver.cpp, line 773]
Event: 11.987 Thread 0x000001ed9517c000 Exception <a 'java/lang/NoSuchMethodError'{0x000000070dc9b3b8}: 'java.lang.Object java.lang.invoke.Invokers$Holder.linkToTargetMethod(java.lang.Object, java.lang.Object, int, int, java.lang.Object, java.lang.Object, java.lang.Object)'> (0x000000070dc9b3b8) thrown at [./src/hotspot/share/interpreter/linkResolver.cpp, line 773]
Event: 11.995 Thread 0x000001ed9517c000 Exception <a 'java/lang/NoSuchMethodError'{0x000000070db022d8}: 'java.lang.Object java.lang.invoke.DirectMethodHandle$Holder.invokeStatic(java.lang.Object, java.lang.Object, java.lang.Object, int, int, java.lang.Object, java.lang.Object, java.lang.Object, java.lang.Object)'> (0x000000070db022d8) thrown at [./src/hotspot/share/interpreter/linkResolver.cpp, line 773]
Event: 12.001 Thread 0x000001ed9517c000 Exception <a 'java/lang/NoSuchMethodError'{0x000000070db427f0}: 'java.lang.Object java.lang.invoke.DirectMethodHandle$Holder.invokeSpecial(java.lang.Object, java.lang.Object, int, int, java.lang.Object, java.lang.Object, java.lang.Object, java.lang.Object, java.lang.Object)'> (0x000000070db427f0) thrown at [./src/hotspot/share/interpreter/linkResolver.cpp, line 773]
Event: 13.890 Thread 0x000001ed9517c000 Implicit null exception at 0x000001eda07d00f4 to 0x000001eda07d0324
Event: 14.202 Thread 0x000001ed9517c000 Implicit null exception at 0x000001eda0c26530 to 0x000001eda0c26904

Events (20 events):
Event: 15.620 loading class kotlin/text/RegexKt
Event: 15.620 loading class kotlin/text/RegexKt done
Event: 15.686 loading class org/jetbrains/kotlin/backend/jvm/intrinsics/NonIEEE754FloatComparison
Event: 15.686 loading class org/jetbrains/kotlin/backend/jvm/intrinsics/NonIEEE754FloatComparison done
Event: 15.695 loading class org/jetbrains/kotlin/backend/common/output/SimpleOutputFileCollection
Event: 15.695 loading class org/jetbrains/kotlin/backend/common/output/SimpleOutputFileCollection done
Event: 15.695 loading class org/jetbrains/kotlin/backend/common/output/OutputFile
Event: 15.695 loading class org/jetbrains/kotlin/backend/common/output/OutputFile done
Event: 15.695 loading class org/jetbrains/kotlin/backend/common/output/OutputFile
Event: 15.695 loading class org/jetbrains/kotlin/backend/common/output/OutputFile done
Event: 15.695 loading class org/jetbrains/kotlin/codegen/ClassFileFactory
Event: 15.695 loading class org/jetbrains/kotlin/codegen/ClassFileFactory done
Event: 15.696 loading class org/jetbrains/kotlin/codegen/ClassFileFactory$OutputClassFile
Event: 15.696 loading class org/jetbrains/kotlin/codegen/ClassFileFactory$OutputClassFile done
Event: 15.696 loading class org/jetbrains/kotlin/cli/common/output/OutputUtilsKt
Event: 15.696 loading class org/jetbrains/kotlin/cli/common/output/OutputUtilsKt done
Event: 15.696 loading class org/jetbrains/kotlin/cli/common/output/NoPermissionException
Event: 15.696 loading class org/jetbrains/kotlin/cli/common/output/NoPermissionException done
Event: 15.697 loading class org/jetbrains/org/objectweb/asm/Handler
Event: 15.697 loading class org/jetbrains/org/objectweb/asm/Handler done


Dynamic libraries:
0x00007ff7fc330000 - 0x00007ff7fc33a000 	C:\Program Files\Android\Android Studio\jre\bin\java.exe
0x00007ffcfe990000 - 0x00007ffcfeb88000 	C:\Windows\SYSTEM32\ntdll.dll
0x00007ffcfd3e0000 - 0x00007ffcfd49d000 	C:\Windows\System32\KERNEL32.DLL
0x00007ffcfc280000 - 0x00007ffcfc576000 	C:\Windows\System32\KERNELBASE.dll
0x00007ffcfc710000 - 0x00007ffcfc810000 	C:\Windows\System32\ucrtbase.dll
0x00007ffcf0420000 - 0x00007ffcf0437000 	C:\Program Files\Android\Android Studio\jre\bin\VCRUNTIME140.dll
0x00007ffcf0470000 - 0x00007ffcf0489000 	C:\Program Files\Android\Android Studio\jre\bin\jli.dll
0x00007ffcfe650000 - 0x00007ffcfe7ee000 	C:\Windows\System32\USER32.dll
0x00007ffcfc0f0000 - 0x00007ffcfc112000 	C:\Windows\System32\win32u.dll
0x00007ffcec790000 - 0x00007ffceca2a000 	C:\Windows\WinSxS\amd64_microsoft.windows.common-controls_6595b64144ccf1df_6.0.19041.3636_none_60b6a03d71f818d5\COMCTL32.dll
0x00007ffcfe920000 - 0x00007ffcfe94c000 	C:\Windows\System32\GDI32.dll
0x00007ffcfd2e0000 - 0x00007ffcfd37e000 	C:\Windows\System32\msvcrt.dll
0x00007ffcfc580000 - 0x00007ffcfc69a000 	C:\Windows\System32\gdi32full.dll
0x00007ffcfc810000 - 0x00007ffcfc8ad000 	C:\Windows\System32\msvcp_win.dll
0x00007ffcfce60000 - 0x00007ffcfce90000 	C:\Windows\System32\IMM32.DLL
0x00007ffce0b30000 - 0x00007ffce0bcd000 	C:\Program Files\Android\Android Studio\jre\bin\msvcp140.dll
0x00007ffcb6e10000 - 0x00007ffcb7912000 	C:\Program Files\Android\Android Studio\jre\bin\server\jvm.dll
0x00007ffcfd5e0000 - 0x00007ffcfd68f000 	C:\Windows\System32\ADVAPI32.dll
0x00007ffcfd240000 - 0x00007ffcfd2dc000 	C:\Windows\System32\sechost.dll
0x00007ffcfe7f0000 - 0x00007ffcfe916000 	C:\Windows\System32\RPCRT4.dll
0x00007ffcfdce0000 - 0x00007ffcfdce8000 	C:\Windows\System32\PSAPI.DLL
0x00007ffcf98d0000 - 0x00007ffcf98d9000 	C:\Windows\SYSTEM32\WSOCK32.dll
0x00007ffcfdcf0000 - 0x00007ffcfdd5b000 	C:\Windows\System32\WS2_32.dll
0x00007ffceadf0000 - 0x00007ffceae17000 	C:\Windows\SYSTEM32\WINMM.dll
0x00007ffcefc40000 - 0x00007ffcefc4a000 	C:\Windows\SYSTEM32\VERSION.dll
0x00007ffcf9f50000 - 0x00007ffcf9f62000 	C:\Windows\SYSTEM32\kernel.appcore.dll
0x00007ffcf4ea0000 - 0x00007ffcf4eb1000 	C:\Program Files\Android\Android Studio\jre\bin\verify.dll
0x00007ffce2cb0000 - 0x00007ffce2e94000 	C:\Windows\SYSTEM32\DBGHELP.DLL
0x00007ffce2c70000 - 0x00007ffce2ca4000 	C:\Windows\SYSTEM32\dbgcore.DLL
0x00007ffcfc8b0000 - 0x00007ffcfc932000 	C:\Windows\System32\bcryptPrimitives.dll
0x00007ffcf4e70000 - 0x00007ffcf4e99000 	C:\Program Files\Android\Android Studio\jre\bin\java.dll
0x00007ffcf9830000 - 0x00007ffcf983b000 	C:\Program Files\Android\Android Studio\jre\bin\jimage.dll
0x00007ffcf4e50000 - 0x00007ffcf4e68000 	C:\Program Files\Android\Android Studio\jre\bin\zip.dll
0x00007ffcfdf00000 - 0x00007ffcfe644000 	C:\Windows\System32\SHELL32.dll
0x00007ffcfa150000 - 0x00007ffcfa8eb000 	C:\Windows\SYSTEM32\windows.storage.dll
0x00007ffcfd690000 - 0x00007ffcfd9e4000 	C:\Windows\System32\combase.dll
0x00007ffcfbab0000 - 0x00007ffcfbadd000 	C:\Windows\SYSTEM32\Wldp.dll
0x00007ffcfddc0000 - 0x00007ffcfde6d000 	C:\Windows\System32\SHCORE.dll
0x00007ffcfd380000 - 0x00007ffcfd3d5000 	C:\Windows\System32\shlwapi.dll
0x00007ffcfbfa0000 - 0x00007ffcfbfc5000 	C:\Windows\SYSTEM32\profapi.dll
0x00007ffcf4e30000 - 0x00007ffcf4e4a000 	C:\Program Files\Android\Android Studio\jre\bin\net.dll
0x00007ffcf52d0000 - 0x00007ffcf53da000 	C:\Windows\SYSTEM32\WINHTTP.dll
0x00007ffcfb810000 - 0x00007ffcfb87a000 	C:\Windows\system32\mswsock.dll
0x00007ffcf4e10000 - 0x00007ffcf4e24000 	C:\Program Files\Android\Android Studio\jre\bin\nio.dll

dbghelp: loaded successfully - version: 4.0.5 - missing functions: none
symbol engine: initialized successfully - sym options: 0x614 - pdb path: .;C:\Program Files\Android\Android Studio\jre\bin;C:\Windows\SYSTEM32;C:\Windows\WinSxS\amd64_microsoft.windows.common-controls_6595b64144ccf1df_6.0.19041.3636_none_60b6a03d71f818d5;C:\Program Files\Android\Android Studio\jre\bin\server

VM Arguments:
java_command: org.jetbrains.kotlin.cli.jvm.K2JVMCompiler @C:\Users\Admin\StudioProjects\meezan360revamp\app\build\20231205_1549072233668287651.compiler.options
java_class_path (initial): C:\Users\Admin\.gradle\caches\modules-2\files-2.1\org.jetbrains.kotlin\kotlin-compiler-embeddable\1.7.20\8db18559a581dd2c36ddfd5046af145650f5b126\kotlin-compiler-embeddable-1.7.20.jar;C:\Users\Admin\.gradle\caches\modules-2\files-2.1\org.jetbrains.kotlin\kotlin-reflect\1.7.20\12b2501e33bb6373e8e347c86d85481863629381\kotlin-reflect-1.7.20.jar;C:\Users\Admin\.gradle\caches\modules-2\files-2.1\org.jetbrains.kotlin\kotlin-stdlib\1.7.20\726594ea9ba2beb2ee113647fefa9a10f9fabe52\kotlin-stdlib-1.7.20.jar;C:\Users\Admin\.gradle\caches\modules-2\files-2.1\org.jetbrains.kotlin\kotlin-script-runtime\1.7.20\bcd1cc6f865e632550357fcc59f5ffd532615a8\kotlin-script-runtime-1.7.20.jar;C:\Users\Admin\.gradle\caches\modules-2\files-2.1\org.jetbrains.kotlin\kotlin-daemon-embeddable\1.7.20\1e24355adad8d529d75d5b19eab55484057431ba\kotlin-daemon-embeddable-1.7.20.jar;C:\Users\Admin\.gradle\caches\modules-2\files-2.1\org.jetbrains.intellij.deps\trove4j\1.0.20200330\3afb14d5f9ceb459d724e907a21145e8ff394f02\trove4j-1.0.20200330.jar;C:\Users\Admin\.gradle\caches\modules-2\files-2.1\net.java.dev.jna\jna\5.6.0\330f2244e9030119ab3030fc3fededc86713d9cc\jna-5.6.0.jar;C:\Users\Admin\.gradle\caches\modules-2\files-2.1\org.jetbrains.kotlin\kotlin-stdlib-common\1.7.20\e15351bdaf9fa06f009be5da7a202e4184f00ae3\kotlin-stdlib-common-1.7.20.jar;C:\Users\Admin\.gradle\caches\modules-2\files-2.1\org.jetbrains\annotations\13.0\919f0dfe192fb4e063e7dacadee7f8bb9a2672a9\annotations-13.0.jar
Launcher Type: SUN_STANDARD

[Global flags]
     intx CICompilerCount                          = 3                                         {product} {ergonomic}
     uint ConcGCThreads                            = 1                                         {product} {ergonomic}
     uint G1ConcRefinementThreads                  = 4                                         {product} {ergonomic}
   size_t G1HeapRegionSize                         = 1048576                                   {product} {ergonomic}
    uintx GCDrainStackTargetSize                   = 64                                        {product} {ergonomic}
   size_t InitialHeapSize                          = 268435456                                 {product} {ergonomic}
   size_t MarkStackSize                            = 4194304                                   {product} {ergonomic}
   size_t MaxHeapSize                              = 4273995776                                {product} {ergonomic}
   size_t MaxNewSize                               = 2563768320                                {product} {ergonomic}
   size_t MinHeapDeltaBytes                        = 1048576                                   {product} {ergonomic}
    uintx NonNMethodCodeHeapSize                   = 5830732                                {pd product} {ergonomic}
    uintx NonProfiledCodeHeapSize                  = 122913754                              {pd product} {ergonomic}
    uintx ProfiledCodeHeapSize                     = 122913754                              {pd product} {ergonomic}
    uintx ReservedCodeCacheSize                    = 251658240                              {pd product} {ergonomic}
     bool SegmentedCodeCache                       = true                                      {product} {ergonomic}
     bool UseCompressedClassPointers               = true                                 {lp64_product} {ergonomic}
     bool UseCompressedOops                        = true                                 {lp64_product} {ergonomic}
     bool UseG1GC                                  = true                                      {product} {ergonomic}
     bool UseLargePagesIndividualAllocation        = false                                  {pd product} {ergonomic}

Logging:
Log output configuration:
 #0: stdout all=warning uptime,level,tags
 #1: stderr all=off uptime,level,tags

Environment Variables:
PATH=C:\Users\Admin\AppData\Local\Microsoft\WindowsApps;C:\Program Files\Git\cmd;C:\MinGW\bin;C:\src\flutter\bin;C:\Users\Admin\Downloads\platform-tools_r34.0.4-windows\platform-tools_r34.0.4-windows\platform-tools;C:\Users\Admin\AppData\Local\Programs\Python\Python310\Scripts\;C:\Users\Admin\AppData\Local\Programs\Python\Python310\;C:\Users\Admin\AppData\Local\Microsoft\WindowsApps;C:\Users\Admin\Documents\flutter_windows_3.3.3-stable\flutter\bin;C:\Program Files\Git\bin\git.exe;C:\Program Files\Git\git-cmd.exe;C:\Windows\System32;C:\Program Files\Git\cmd;C:\Users\Admin\Documents\flutter_windows_3.3.3-stable\flutter;C:\Windows\System32;C:\Program Files\Git\cmd\git.exe;C:\Windows\System32\WindowsPowerShell\v1.0;C:\src\flutter\bin;
USERNAME=Admin
OS=Windows_NT
PROCESSOR_IDENTIFIER=Intel64 Family 6 Model 60 Stepping 3, GenuineIntel



---------------  S Y S T E M  ---------------

OS: Windows 10 , 64 bit Build 19041 (10.0.19041.3636)
OS uptime: 0 days 18:16 hours

CPU:total 4 (initial active 4) (4 cores per cpu, 1 threads per core) family 6 model 60 stepping 3 microcode 0x27, cmov, cx8, fxsr, mmx, sse, sse2, sse3, ssse3, sse4.1, sse4.2, popcnt, avx, avx2, aes, clmul, erms, lzcnt, tsc, tscinvbit, bmi1, bmi2, fma

Memory: 4k page, system-wide physical 16298M (420M free)
TotalPageFile size 44844M (AvailPageFile size 6M)
current process WorkingSet (physical memory assigned to process): 461M, peak: 461M
current process commit charge ("private bytes"): 596M, peak: 597M

vm_info: OpenJDK 64-Bit Server VM (11.0.13+0-b1751.21-8125866) for windows-amd64 JRE (11.0.13+0-b1751.21-8125866), built on Feb  2 2022 03:00:22 by "builder" with MS VC++ 14.0 (VS2015)

END.
